#
# A fatal error has been detected by the Java Runtime Environment:
#
#  EXCEPTION_ACCESS_VIOLATION (0xc0000005) at pc=0x0000000076b673e0, pid=12712, tid=0x000000000000336c
#
# JRE version: Java(TM) SE Runtime Environment (8.0_122-b04) (build 1.8.0_122-ea-b04)
# Java VM: Java HotSpot(TM) 64-Bit Server VM (25.122-b04 mixed mode windows-amd64 compressed oops)
# Problematic frame:
# C  [nvoglv64.DLL+0xcb73e0]
#
# Failed to write core dump. Minidumps are not enabled by default on client versions of Windows
#
# If you would like to submit a bug report, please visit:
#   http://bugreport.java.com/bugreport/crash.jsp
# The crash happened outside the Java Virtual Machine in native code.
# See problematic frame for where to report the bug.
#

---------------  T H R E A D  ---------------

Current thread (0x0000000004c2d800):  JavaThread "main" [_thread_in_native, id=13164, stack(0x0000000004870000,0x0000000004970000)]

siginfo: ExceptionCode=0xc0000005, reading address 0x0000000000000000

Registers:
RAX=0x0000000000000000, RBX=0x000000002457e7d8, RCX=0x000000002a9dc950, RDX=0x0000000000000000
RSP=0x000000000496efc8, RBP=0x0000000020a82040, RSI=0x0000000026fba5c4, RDI=0x0000000000000001
R8 =0x0000000000000008, R9 =0x0000000000005a48, R10=0x0000000000000008, R11=0x0000000000000000
R12=0x0000000000000003, R13=0x0000000000000000, R14=0x000000000496f070, R15=0x0000000026fba5c4
RIP=0x0000000076b673e0, EFLAGS=0x0000000000010246

Top of Stack: (sp=0x000000000496efc8)
0x000000000496efc8:   0000000076c1d1c2 0000000000000000
0x000000000496efd8:   000000000000000f 0000000000005a48
0x000000000496efe8:   0000000000005a48 0000000026fba5c4
0x000000000496eff8:   000000002457e4a8 0000000000000001
0x000000000496f008:   0000000076c1d7f1 000000002457e7d8
0x000000000496f018:   0000000076b673d0 0000000000000002
0x000000000496f028:   0000000024577810 000000002457e7d8
0x000000000496f038:   0000000076b673d0 0000000000000001
0x000000000496f048:   000000000496f070 0000000221ad1250
0x000000000496f058:   0000000076ab29f8 000000000000000f
0x000000000496f068:   0000000221ad1250 000000002a9dc950
0x000000000496f078:   10c0000000000000 0000000020a82040
0x000000000496f088:   0000000000000000 0000000020a82040
0x000000000496f098:   0000000020a82040 0000000000000000
0x000000000496f0a8:   0000000000000000 0000000000000004
0x000000000496f0b8:   000000001c970000 0000000000001405 

Instructions: (pc=0x0000000076b673e0)
0x0000000076b673c0:   d2 89 41 fc 41 ff c9 75 e7 48 8b c1 c3 cc cc cc
0x0000000076b673d0:   4d 63 d0 0f 1f 40 00 66 0f 1f 84 00 00 00 00 00
0x0000000076b673e0:   8b 02 48 83 c1 08 89 41 f8 8b 42 04 49 03 d2 89
0x0000000076b673f0:   41 fc 41 ff c9 75 e9 48 8b c1 c3 cc cc cc cc cc 


Register to memory mapping:

RAX=0x0000000000000000 is an unknown value
RBX=0x000000002457e7d8 is an unknown value
RCX=0x000000002a9dc950 is an unknown value
RDX=0x0000000000000000 is an unknown value
RSP=0x000000000496efc8 is pointing into the stack for thread: 0x0000000004c2d800
RBP=0x0000000020a82040 is an unknown value
RSI=0x0000000026fba5c4 is an unknown value
RDI=0x0000000000000001 is an unknown value
R8 =0x0000000000000008 is an unknown value
R9 =0x0000000000005a48 is an unknown value
R10=0x0000000000000008 is an unknown value
R11=0x0000000000000000 is an unknown value
R12=0x0000000000000003 is an unknown value
R13=0x0000000000000000 is an unknown value
R14=0x000000000496f070 is pointing into the stack for thread: 0x0000000004c2d800
R15=0x0000000026fba5c4 is an unknown value


Stack: [0x0000000004870000,0x0000000004970000],  sp=0x000000000496efc8,  free space=1019k
Native frames: (J=compiled Java code, j=interpreted, Vv=VM code, C=native code)
C  [nvoglv64.DLL+0xcb73e0]

Java frames: (J=compiled Java code, j=interpreted, Vv=VM code)
j  org.lwjgl.opengl.GL11.nglDrawElementsBO(IIIJJ)V+0
j  org.lwjgl.opengl.GL11.glDrawElements(IIIJ)V+28
j  com.Engine.RenderEngine.Shaders.Deferred.High.DeferredRenderer.renderModel(Lcom/Engine/RenderEngine/Shaders/Deferred/PBRModel;Lcom/Engine/RenderEngine/Shaders/Deferred/DeferredRenderProperties;)V+26
j  com.Engine.RenderEngine.Shaders.Deferred.High.DeferredRenderer.renderModel(Lcom/Engine/RenderEngine/Shaders/Render/IRenderable;Lcom/Engine/RenderEngine/Shaders/Render/RenderProperties;)V+9
j  com.Engine.RenderEngine.Shaders.Render.Renderer.render(Lcom/Engine/RenderEngine/Camera/Camera;)V+146
j  com.Engine.Demo.DeferredTesting.main([Ljava/lang/String;)V+1651
v  ~StubRoutines::call_stub

---------------  P R O C E S S  ---------------

Java Threads: ( => current thread )
  0x00000000239a7000 JavaThread "Java2D Disposer" daemon [_thread_blocked, id=8104, stack(0x00000000201c0000,0x00000000202c0000)]
  0x000000001bb43000 JavaThread "Service Thread" daemon [_thread_blocked, id=2180, stack(0x000000001c670000,0x000000001c770000)]
  0x000000001babc000 JavaThread "C1 CompilerThread3" daemon [_thread_blocked, id=10204, stack(0x000000001c570000,0x000000001c670000)]
  0x000000001bab3800 JavaThread "C2 CompilerThread2" daemon [_thread_blocked, id=9608, stack(0x000000001c470000,0x000000001c570000)]
  0x000000001baac800 JavaThread "C2 CompilerThread1" daemon [_thread_blocked, id=9048, stack(0x000000001c370000,0x000000001c470000)]
  0x000000001baa9000 JavaThread "C2 CompilerThread0" daemon [_thread_blocked, id=2116, stack(0x000000001c270000,0x000000001c370000)]
  0x000000001baa7800 JavaThread "Attach Listener" daemon [_thread_blocked, id=3508, stack(0x000000001c170000,0x000000001c270000)]
  0x000000001baa4800 JavaThread "Signal Dispatcher" daemon [_thread_blocked, id=8312, stack(0x000000001c070000,0x000000001c170000)]
  0x000000001baa0800 JavaThread "Finalizer" daemon [_thread_blocked, id=812, stack(0x000000001be80000,0x000000001bf80000)]
  0x0000000004b47000 JavaThread "Reference Handler" daemon [_thread_blocked, id=13028, stack(0x000000001b980000,0x000000001ba80000)]
=>0x0000000004c2d800 JavaThread "main" [_thread_in_native, id=13164, stack(0x0000000004870000,0x0000000004970000)]

Other Threads:
  0x0000000019bb8000 VMThread [stack: 0x000000001b880000,0x000000001b980000] [id=11268]
  0x000000001bb5d000 WatcherThread [stack: 0x000000001c770000,0x000000001c870000] [id=10324]

VM state:not at safepoint (normal execution)

VM Mutex/Monitor currently owned by a thread: None

Heap:
 PSYoungGen      total 38400K, used 8578K [0x00000000d5e00000, 0x00000000d8880000, 0x0000000100000000)
  eden space 33280K, 19% used [0x00000000d5e00000,0x00000000d6478bc8,0x00000000d7e80000)
  from space 5120K, 38% used [0x00000000d7e80000,0x00000000d8068030,0x00000000d8380000)
  to   space 5120K, 0% used [0x00000000d8380000,0x00000000d8380000,0x00000000d8880000)
 ParOldGen       total 87552K, used 32K [0x0000000081a00000, 0x0000000086f80000, 0x00000000d5e00000)
  object space 87552K, 0% used [0x0000000081a00000,0x0000000081a08000,0x0000000086f80000)
 Metaspace       used 9114K, capacity 9279K, committed 9472K, reserved 1058816K
  class space    used 941K, capacity 994K, committed 1024K, reserved 1048576K

Card table byte_map: [0x0000000013ff0000,0x00000000143f0000] byte_map_base: 0x0000000013be3000

Marking Bits: (ParMarkBitMap*) 0x0000000075e26600
 Begin Bits: [0x0000000014ea0000, 0x0000000016e38000)
 End Bits:   [0x0000000016e38000, 0x0000000018dd0000)

Polling page: 0x0000000002b30000

CodeCache: size=245760Kb used=4410Kb max_used=4439Kb free=241349Kb
 bounds [0x0000000004c30000, 0x0000000005090000, 0x0000000013c30000]
 total_blobs=1508 nmethods=1004 adapters=417
 compilation: enabled

Compilation events (10 events):
Event: 8.895 Thread 0x000000001baa9000 

Event: 9.216 Thread 0x000000001baac800 1000       4       com.Engine.RenderEngine.Textures.PNGDecoder::openChunk (66 bytes)
Event: 9.217 Thread 0x000000001baac800 nmethod 1000 0x0000000005085010 code [0x0000000005085160, 0x00000000050852c8]
Event: 9.737 Thread 0x000000001babc000 1002       3       java.net.URLClassLoader$1::run (5 bytes)
Event: 9.737 Thread 0x000000001babc000 nmethod 1002 0x0000000005087a50 code [0x0000000005087bc0, 0x0000000005087d68]
Event: 9.737 Thread 0x000000001babc000 1003   !   3       java.net.URLClassLoader$1::run (63 bytes)
Event: 9.738 Thread 0x000000001babc000 nmethod 1003 0x0000000005087090 code [0x0000000005087260, 0x0000000005087788]
Event: 9.738 Thread 0x000000001babc000 1004       3       sun.misc.PerfCounter::addElapsedTimeFrom (10 bytes)
Event: 9.738 Thread 0x000000001babc000 nmethod 1004 0x0000000005086410 code [0x00000000050865c0, 0x0000000005086d18]
Event: 9.746 Thread 0x000000001babc000 1005   !   3       java.io.BufferedWriter::flushBuffer (53 bytes)

GC Heap History (6 events):
Event: 4.112 GC heap before
{Heap before GC invocations=1 (full 0):
 PSYoungGen      total 38400K, used 33280K [0x00000000d5e00000, 0x00000000d8880000, 0x0000000100000000)
  eden space 33280K, 100% used [0x00000000d5e00000,0x00000000d7e80000,0x00000000d7e80000)
  from space 5120K, 0% used [0x00000000d8380000,0x00000000d8380000,0x00000000d8880000)
  to   space 5120K, 0% used [0x00000000d7e80000,0x00000000d7e80000,0x00000000d8380000)
 ParOldGen       total 87552K, used 0K [0x0000000081a00000, 0x0000000086f80000, 0x00000000d5e00000)
  object space 87552K, 0% used [0x0000000081a00000,0x0000000081a00000,0x0000000086f80000)
 Metaspace       used 6768K, capacity 7001K, committed 7168K, reserved 1056768K
  class space    used 676K, capacity 767K, committed 768K, reserved 1048576K
Event: 4.115 GC heap after
Heap after GC invocations=1 (full 0):
 PSYoungGen      total 38400K, used 2832K [0x00000000d5e00000, 0x00000000d8880000, 0x0000000100000000)
  eden space 33280K, 0% used [0x00000000d5e00000,0x00000000d5e00000,0x00000000d7e80000)
  from space 5120K, 55% used [0x00000000d7e80000,0x00000000d81440f8,0x00000000d8380000)
  to   space 5120K, 0% used [0x00000000d8380000,0x00000000d8380000,0x00000000d8880000)
 ParOldGen       total 87552K, used 16K [0x0000000081a00000, 0x0000000086f80000, 0x00000000d5e00000)
  object space 87552K, 0% used [0x0000000081a00000,0x0000000081a04000,0x0000000086f80000)
 Metaspace       used 6768K, capacity 7001K, committed 7168K, reserved 1056768K
  class space    used 676K, capacity 767K, committed 768K, reserved 1048576K
}
Event: 5.992 GC heap before
{Heap before GC invocations=2 (full 0):
 PSYoungGen      total 38400K, used 36112K [0x00000000d5e00000, 0x00000000d8880000, 0x0000000100000000)
  eden space 33280K, 100% used [0x00000000d5e00000,0x00000000d7e80000,0x00000000d7e80000)
  from space 5120K, 55% used [0x00000000d7e80000,0x00000000d81440f8,0x00000000d8380000)
  to   space 5120K, 0% used [0x00000000d8380000,0x00000000d8380000,0x00000000d8880000)
 ParOldGen       total 87552K, used 16K [0x0000000081a00000, 0x0000000086f80000, 0x00000000d5e00000)
  object space 87552K, 0% used [0x0000000081a00000,0x0000000081a04000,0x0000000086f80000)
 Metaspace       used 6795K, capacity 7001K, committed 7168K, reserved 1056768K
  class space    used 676K, capacity 767K, committed 768K, reserved 1048576K
Event: 5.997 GC heap after
Heap after GC invocations=2 (full 0):
 PSYoungGen      total 38400K, used 4722K [0x00000000d5e00000, 0x00000000d8880000, 0x0000000100000000)
  eden space 33280K, 0% used [0x00000000d5e00000,0x00000000d5e00000,0x00000000d7e80000)
  from space 5120K, 92% used [0x00000000d8380000,0x00000000d881c9f0,0x00000000d8880000)
  to   space 5120K, 0% used [0x00000000d7e80000,0x00000000d7e80000,0x00000000d8380000)
 ParOldGen       total 87552K, used 24K [0x0000000081a00000, 0x0000000086f80000, 0x00000000d5e00000)
  object space 87552K, 0% used [0x0000000081a00000,0x0000000081a06000,0x0000000086f80000)
 Metaspace       used 6795K, capacity 7001K, committed 7168K, reserved 1056768K
  class space    used 676K, capacity 767K, committed 768K, reserved 1048576K
}
Event: 8.735 GC heap before
{Heap before GC invocations=3 (full 0):
 PSYoungGen      total 38400K, used 38002K [0x00000000d5e00000, 0x00000000d8880000, 0x0000000100000000)
  eden space 33280K, 100% used [0x00000000d5e00000,0x00000000d7e80000,0x00000000d7e80000)
  from space 5120K, 92% used [0x00000000d8380000,0x00000000d881c9f0,0x00000000d8880000)
  to   space 5120K, 0% used [0x00000000d7e80000,0x00000000d7e80000,0x00000000d8380000)
 ParOldGen       total 87552K, used 24K [0x0000000081a00000, 0x0000000086f80000, 0x00000000d5e00000)
  object space 87552K, 0% used [0x0000000081a00000,0x0000000081a06000,0x0000000086f80000)
 Metaspace       used 8828K, capacity 8959K, committed 9216K, reserved 1056768K
  class space    used 905K, capacity 994K, committed 1024K, reserved 1048576K
Event: 8.738 GC heap after
Heap after GC invocations=3 (full 0):
 PSYoungGen      total 38400K, used 1952K [0x00000000d5e00000, 0x00000000d8880000, 0x0000000100000000)
  eden space 33280K, 0% used [0x00000000d5e00000,0x00000000d5e00000,0x00000000d7e80000)
  from space 5120K, 38% used [0x00000000d7e80000,0x00000000d8068030,0x00000000d8380000)
  to   space 5120K, 0% used [0x00000000d8380000,0x00000000d8380000,0x00000000d8880000)
 ParOldGen       total 87552K, used 32K [0x0000000081a00000, 0x0000000086f80000, 0x00000000d5e00000)
  object space 87552K, 0% used [0x0000000081a00000,0x0000000081a08000,0x0000000086f80000)
 Metaspace       used 8828K, capacity 8959K, committed 9216K, reserved 1056768K
  class space    used 905K, capacity 994K, committed 1024K, reserved 1048576K
}

Deoptimization events (10 events):
Event: 8.563 Thread 0x0000000004c2d800 Uncommon trap: reason=unstable_if action=reinterpret pc=0x0000000004fbc534 method=java.lang.String.indexOf([CII[CIII)I @ 3
Event: 8.563 Thread 0x0000000004c2d800 Uncommon trap: reason=unstable_if action=reinterpret pc=0x0000000004e5693c method=java.util.ArrayList.indexOf(Ljava/lang/Object;)I @ 41
Event: 8.566 Thread 0x0000000004c2d800 Uncommon trap: reason=class_check action=maybe_recompile pc=0x0000000004e5a35c method=java.util.HashSet.add(Ljava/lang/Object;)Z @ 8
Event: 8.566 Thread 0x0000000004c2d800 Uncommon trap: reason=class_check action=maybe_recompile pc=0x0000000004e5a35c method=java.util.HashSet.add(Ljava/lang/Object;)Z @ 8
Event: 8.566 Thread 0x0000000004c2d800 Uncommon trap: reason=class_check action=maybe_recompile pc=0x0000000004e5a35c method=java.util.HashSet.add(Ljava/lang/Object;)Z @ 8
Event: 8.566 Thread 0x0000000004c2d800 Uncommon trap: reason=class_check action=maybe_recompile pc=0x0000000004e5a35c method=java.util.HashSet.add(Ljava/lang/Object;)Z @ 8
Event: 8.715 Thread 0x0000000004c2d800 Uncommon trap: reason=class_check action=maybe_recompile pc=0x0000000004f09b2c method=java.io.BufferedInputStream.read([BII)I @ 101
Event: 8.716 Thread 0x0000000004c2d800 Uncommon trap: reason=class_check action=maybe_recompile pc=0x0000000004f09b2c method=java.io.BufferedInputStream.read([BII)I @ 101
Event: 8.716 Thread 0x0000000004c2d800 Uncommon trap: reason=class_check action=maybe_recompile pc=0x0000000004f09b2c method=java.io.BufferedInputStream.read([BII)I @ 101
Event: 8.716 Thread 0x0000000004c2d800 Uncommon trap: reason=class_check action=maybe_recompile pc=0x0000000004f09b2c method=java.io.BufferedInputStream.read([BII)I @ 101

Internal exceptions (10 events):
Event: 2.189 Thread 0x0000000004c2d800 Exception <a 'java/security/PrivilegedActionException'> (0x00000000d63bff40) thrown at [C:\re\workspace\8-2-build-windows-amd64-cygwin\jdk8u122\8092.nc\hotspot\src\share\vm\prims\jvm.cpp, line 1390]
Event: 2.190 Thread 0x0000000004c2d800 Exception <a 'java/security/PrivilegedActionException'> (0x00000000d63c33f8) thrown at [C:\re\workspace\8-2-build-windows-amd64-cygwin\jdk8u122\8092.nc\hotspot\src\share\vm\prims\jvm.cpp, line 1390]
Event: 2.190 Thread 0x0000000004c2d800 Exception <a 'java/security/PrivilegedActionException'> (0x00000000d63c3608) thrown at [C:\re\workspace\8-2-build-windows-amd64-cygwin\jdk8u122\8092.nc\hotspot\src\share\vm\prims\jvm.cpp, line 1390]
Event: 2.190 Thread 0x0000000004c2d800 Exception <a 'java/security/PrivilegedActionException'> (0x00000000d63c48e0) thrown at [C:\re\workspace\8-2-build-windows-amd64-cygwin\jdk8u122\8092.nc\hotspot\src\share\vm\prims\jvm.cpp, line 1390]
Event: 2.190 Thread 0x0000000004c2d800 Exception <a 'java/security/PrivilegedActionException'> (0x00000000d63c4af0) thrown at [C:\re\workspace\8-2-build-windows-amd64-cygwin\jdk8u122\8092.nc\hotspot\src\share\vm\prims\jvm.cpp, line 1390]
Event: 2.968 Thread 0x0000000004c2d800 Implicit null exception at 0x0000000004ea6f2d to 0x0000000004ea6ff5
Event: 2.996 Thread 0x0000000004c2d800 Exception <a 'java/lang/NoSuchFieldError': method resolution failed> (0x00000000d7cb35b8) thrown at [C:\re\workspace\8-2-build-windows-amd64-cygwin\jdk8u122\8092.nc\hotspot\src\share\vm\prims\methodHandles.cpp, line 1146]
Event: 2.997 Thread 0x0000000004c2d800 Exception <a 'java/lang/NoSuchFieldError': method resolution failed> (0x00000000d7cc0ca8) thrown at [C:\re\workspace\8-2-build-windows-amd64-cygwin\jdk8u122\8092.nc\hotspot\src\share\vm\prims\methodHandles.cpp, line 1146]
Event: 8.547 Thread 0x0000000004c2d800 Implicit null exception at 0x0000000004eaba9e to 0x0000000004eabc25
Event: 8.549 Thread 0x0000000004c2d800 Exception <a 'java/io/FileNotFoundException'> (0x00000000d7cc9d30) thrown at [C:\re\workspace\8-2-build-windows-amd64-cygwin\jdk8u122\8092.nc\hotspot\src\share\vm\prims\jni.cpp, line 709]

Events (10 events):
Event: 9.742 loading class com/Engine/RenderEngine/GLFunctions/enums/GLFace
Event: 9.742 loading class com/Engine/RenderEngine/GLFunctions/enums/GLFace done
Event: 9.743 loading class com/Engine/RenderEngine/GLFunctions/enums/FaceWinding
Event: 9.743 loading class com/Engine/RenderEngine/GLFunctions/enums/FaceWinding done
Event: 9.743 loading class java/util/LinkedList$ListItr
Event: 9.743 loading class java/util/LinkedList$ListItr done
Event: 9.743 loading class com/Engine/RenderEngine/Particles/ParticleSorter
Event: 9.743 loading class com/Engine/RenderEngine/Particles/ParticleSorter done
Event: 9.744 loading class com/Engine/RenderEngine/Util/RenderStructs$Transform
Event: 9.744 loading class com/Engine/RenderEngine/Util/RenderStructs$Transform done


Dynamic libraries:
0x00007ff6724b0000 - 0x00007ff6724e7000 	C:\Program Files\Java\jdk1.8.0_122\bin\javaw.exe
0x00007ffdd1200000 - 0x00007ffdd13e0000 	C:\WINDOWS\SYSTEM32\ntdll.dll
0x00007ffdcfc10000 - 0x00007ffdcfcbe000 	C:\WINDOWS\System32\KERNEL32.DLL
0x00007ffdcd9d0000 - 0x00007ffdcdc36000 	C:\WINDOWS\System32\KERNELBASE.dll
0x00007ffdd1120000 - 0x00007ffdd11c1000 	C:\WINDOWS\System32\ADVAPI32.dll
0x00007ffdcfda0000 - 0x00007ffdcfe3d000 	C:\WINDOWS\System32\msvcrt.dll
0x00007ffdcfcc0000 - 0x00007ffdcfd1b000 	C:\WINDOWS\System32\sechost.dll
0x00007ffdd05e0000 - 0x00007ffdd06ff000 	C:\WINDOWS\System32\RPCRT4.dll
0x00007ffdd0e30000 - 0x00007ffdd0fbf000 	C:\WINDOWS\System32\USER32.dll
0x00007ffdcd9b0000 - 0x00007ffdcd9d0000 	C:\WINDOWS\System32\win32u.dll
0x00007ffdd0a80000 - 0x00007ffdd0aa8000 	C:\WINDOWS\System32\GDI32.dll
0x00007ffdcd760000 - 0x00007ffdcd8f3000 	C:\WINDOWS\System32\gdi32full.dll
0x00007ffdcdc40000 - 0x00007ffdcdcdb000 	C:\WINDOWS\System32\msvcp_win.dll
0x00007ffdcd660000 - 0x00007ffdcd756000 	C:\WINDOWS\System32\ucrtbase.dll
0x00007ffdbfd00000 - 0x00007ffdbff69000 	C:\WINDOWS\WinSxS\amd64_microsoft.windows.common-controls_6595b64144ccf1df_6.0.16299.431_none_15c7d3ee93659e73\COMCTL32.dll
0x00007ffdd0ab0000 - 0x00007ffdd0db8000 	C:\WINDOWS\System32\combase.dll
0x00007ffdcdce0000 - 0x00007ffdcdd52000 	C:\WINDOWS\System32\bcryptPrimitives.dll
0x00007ffdcfea0000 - 0x00007ffdcfecd000 	C:\WINDOWS\System32\IMM32.DLL
0x00007ffdb2670000 - 0x00007ffdb26ed000 	c:\program files (x86)\charter security suite\apps\ultralight\ulcore\1525688755\fshook64.dll
0x00000000525e0000 - 0x00000000526b2000 	C:\Program Files\Java\jdk1.8.0_122\jre\bin\msvcr100.dll
0x0000000075610000 - 0x0000000075ea6000 	C:\Program Files\Java\jdk1.8.0_122\jre\bin\server\jvm.dll
0x00007ffdd0dc0000 - 0x00007ffdd0dc8000 	C:\WINDOWS\System32\PSAPI.DLL
0x00007ffdcbab0000 - 0x00007ffdcbab9000 	C:\WINDOWS\SYSTEM32\WSOCK32.dll
0x00007ffdcba00000 - 0x00007ffdcba23000 	C:\WINDOWS\SYSTEM32\WINMM.dll
0x00007ffdd0570000 - 0x00007ffdd05dc000 	C:\WINDOWS\System32\WS2_32.dll
0x00007ffdbfc80000 - 0x00007ffdbfc8a000 	C:\WINDOWS\SYSTEM32\VERSION.dll
0x00007ffdcb9a0000 - 0x00007ffdcb9ca000 	C:\WINDOWS\SYSTEM32\WINMMBASE.dll
0x00007ffdcdd60000 - 0x00007ffdcddaa000 	C:\WINDOWS\System32\cfgmgr32.dll
0x00000000525d0000 - 0x00000000525df000 	C:\Program Files\Java\jdk1.8.0_122\jre\bin\verify.dll
0x00000000525a0000 - 0x00000000525c9000 	C:\Program Files\Java\jdk1.8.0_122\jre\bin\java.dll
0x0000000050450000 - 0x0000000050466000 	C:\Program Files\Java\jdk1.8.0_122\jre\bin\zip.dll
0x00007ffdce7d0000 - 0x00007ffdcfc08000 	C:\WINDOWS\System32\SHELL32.dll
0x00007ffdd04c0000 - 0x00007ffdd0566000 	C:\WINDOWS\System32\shcore.dll
0x00007ffdcddb0000 - 0x00007ffdce4f7000 	C:\WINDOWS\System32\windows.storage.dll
0x00007ffdd0700000 - 0x00007ffdd0751000 	C:\WINDOWS\System32\shlwapi.dll
0x00007ffdcd570000 - 0x00007ffdcd581000 	C:\WINDOWS\System32\kernel.appcore.dll
0x00007ffdcd590000 - 0x00007ffdcd5dc000 	C:\WINDOWS\System32\powrprof.dll
0x00007ffdcd5e0000 - 0x00007ffdcd5fb000 	C:\WINDOWS\System32\profapi.dll
0x0000000180000000 - 0x0000000180051000 	C:\Users\Joshua\git\AoT\Engine\lib\lwjgl-2.9.1\native\windows\lwjgl64.dll
0x00007ffdba470000 - 0x00007ffdba58e000 	C:\WINDOWS\SYSTEM32\OPENGL32.dll
0x00007ffdc4600000 - 0x00007ffdc462c000 	C:\WINDOWS\SYSTEM32\GLU32.dll
0x00007ffdcbce0000 - 0x00007ffdcbd75000 	C:\WINDOWS\system32\uxtheme.dll
0x00007ffdd0910000 - 0x00007ffdd0a77000 	C:\WINDOWS\System32\MSCTF.dll
0x00007ffdce6d0000 - 0x00007ffdce795000 	C:\WINDOWS\System32\OLEAUT32.dll
0x00007ffdcbdd0000 - 0x00007ffdcbdfa000 	C:\WINDOWS\system32\dwmapi.dll
0x0000000075eb0000 - 0x0000000078000000 	C:\WINDOWS\SYSTEM32\nvoglv64.DLL
0x00007ffdcfed0000 - 0x00007ffdd031e000 	C:\WINDOWS\System32\SETUPAPI.dll
0x00007ffdca3b0000 - 0x00007ffdca3c3000 	C:\WINDOWS\SYSTEM32\WTSAPI32.dll
0x00007ffdcd360000 - 0x00007ffdcd387000 	C:\WINDOWS\SYSTEM32\DEVOBJ.dll
0x00007ffdcd600000 - 0x00007ffdcd658000 	C:\WINDOWS\System32\WINTRUST.dll
0x00007ffdcd550000 - 0x00007ffdcd562000 	C:\WINDOWS\System32\MSASN1.dll
0x00007ffdce500000 - 0x00007ffdce6ce000 	C:\WINDOWS\System32\CRYPT32.dll
0x00007ffdcc680000 - 0x00007ffdcc6b1000 	C:\WINDOWS\SYSTEM32\ntmarta.dll
0x00007ffdc5b80000 - 0x00007ffdc5c18000 	C:\WINDOWS\System32\TextInputFramework.dll
0x00007ffdc5670000 - 0x00007ffdc595e000 	C:\WINDOWS\System32\CoreUIComponents.dll
0x00007ffdca710000 - 0x00007ffdca7ec000 	C:\WINDOWS\System32\CoreMessaging.dll
0x00007ffdc9af0000 - 0x00007ffdc9c26000 	C:\WINDOWS\SYSTEM32\wintypes.dll
0x00007ffdc9c90000 - 0x00007ffdc9d27000 	C:\WINDOWS\SYSTEM32\mscms.dll
0x00007ffdcd480000 - 0x00007ffdcd4a9000 	C:\WINDOWS\SYSTEM32\USERENV.dll
0x00007ffdaaa50000 - 0x00007ffdaaa91000 	C:\WINDOWS\SYSTEM32\icm32.dll
0x00007ffdcc740000 - 0x00007ffdcc795000 	C:\WINDOWS\SYSTEM32\WINSTA.dll
0x00007ffdcc390000 - 0x00007ffdcc43f000 	C:\WINDOWS\system32\dxgi.dll
0x00007ffd852c0000 - 0x00007ffd869f2000 	C:\WINDOWS\System32\DriverStore\FileRepository\nvacwu.inf_amd64_31f4ef4821269ebb\nvwgf2umx.dll
0x00007ffdcd0b0000 - 0x00007ffdcd0d5000 	C:\WINDOWS\SYSTEM32\bcrypt.dll
0x00007ffdc1ed0000 - 0x00007ffdc22ca000 	C:\WINDOWS\system32\nvapi64.dll
0x00007ffdd0fc0000 - 0x00007ffdd1109000 	C:\WINDOWS\System32\ole32.dll
0x00007ffdca420000 - 0x00007ffdca702000 	C:\WINDOWS\SYSTEM32\d3d11.dll
0x00000000502b0000 - 0x0000000050448000 	C:\Program Files\Java\jdk1.8.0_122\jre\bin\awt.dll
0x00007ffdcbaf0000 - 0x00007ffdcbb78000 	C:\WINDOWS\SYSTEM32\apphelp.dll
0x00007ffdccfa0000 - 0x00007ffdccfb7000 	C:\WINDOWS\SYSTEM32\CRYPTSP.dll
0x00007ffdcc9e0000 - 0x00007ffdcca13000 	C:\WINDOWS\system32\rsaenh.dll
0x00007ffdccfc0000 - 0x00007ffdccfcb000 	C:\WINDOWS\SYSTEM32\CRYPTBASE.dll
0x0000000050290000 - 0x00000000502aa000 	C:\Program Files\Java\jdk1.8.0_122\jre\bin\net.dll
0x00007ffdccde0000 - 0x00007ffdcce46000 	C:\WINDOWS\system32\mswsock.dll
0x00007ffdccb70000 - 0x00007ffdccba9000 	C:\WINDOWS\SYSTEM32\IPHLPAPI.DLL
0x00007ffdd1110000 - 0x00007ffdd1118000 	C:\WINDOWS\System32\NSI.dll
0x00007ffdc8000000 - 0x00007ffdc8016000 	C:\WINDOWS\SYSTEM32\dhcpcsvc6.DLL
0x00007ffdc87d0000 - 0x00007ffdc87ea000 	C:\WINDOWS\SYSTEM32\dhcpcsvc.DLL
0x0000000050270000 - 0x0000000050281000 	C:\Program Files\Java\jdk1.8.0_122\jre\bin\nio.dll
0x00007ffdbd210000 - 0x00007ffdbd3d8000 	C:\WINDOWS\SYSTEM32\dbghelp.dll

VM Arguments:
jvm_args: -Djava.library.path=C:\Users\Joshua\git\AoT\Engine\lib\lwjgl-2.9.1\native\windows -Dfile.encoding=Cp1252 
java_command: com.Engine.Demo.DeferredTesting
java_class_path (initial): C:\Program Files\Java\jdk1.8.0_122\jre\lib\resources.jar;C:\Program Files\Java\jdk1.8.0_122\jre\lib\rt.jar;C:\Program Files\Java\jdk1.8.0_122\jre\lib\jsse.jar;C:\Program Files\Java\jdk1.8.0_122\jre\lib\jce.jar;C:\Program Files\Java\jdk1.8.0_122\jre\lib\charsets.jar;C:\Program Files\Java\jdk1.8.0_122\jre\lib\ext\access-bridge-64.jar;C:\Program Files\Java\jdk1.8.0_122\jre\lib\ext\cldrdata.jar;C:\Program Files\Java\jdk1.8.0_122\jre\lib\ext\dnsns.jar;C:\Program Files\Java\jdk1.8.0_122\jre\lib\ext\jaccess.jar;C:\Program Files\Java\jdk1.8.0_122\jre\lib\ext\jfxrt.jar;C:\Program Files\Java\jdk1.8.0_122\jre\lib\ext\localedata.jar;C:\Program Files\Java\jdk1.8.0_122\jre\lib\ext\nashorn.jar;C:\Program Files\Java\jdk1.8.0_122\jre\lib\ext\sunec.jar;C:\Program Files\Java\jdk1.8.0_122\jre\lib\ext\sunjce_provider.jar;C:\Program Files\Java\jdk1.8.0_122\jre\lib\ext\sunmscapi.jar;C:\Program Files\Java\jdk1.8.0_122\jre\lib\ext\sunpkcs11.jar;C:\Program Files\Java\jdk1.8.0_122\jre\lib\ext\zipfs.jar;C:\Users\Joshua\git\Engine\Engine - 3.4\bin;C:\Users\Joshua\git\AoT\Engine\lib\lwjgl-2.9.1\jar\jinput.jar;C:\Users\Joshua\git\AoT\Engine\lib\lwjgl-2.9.1\jar\lwjgl_util.jar;C:\Users\Joshua\git\AoT\Engine\lib\lwjgl-2.9.1\jar\lwjgl.jar
Launcher Type: SUN_STANDARD

Environment Variables:
PATH=C:/Program Files/Java/jre1.8.0_71/bin/server;C:/Program Files/Java/jre1.8.0_71/bin;C:/Program Files/Java/jre1.8.0_71/lib/amd64;C:\ProgramData\Oracle\Java\javapath;C:\Program Files\ffmpeg-20170225-7e4f32f-win64-static\bin;C:\Program Files (x86)\NVIDIA Corporation\PhysX\Common;C:\Program Files\Java\jdk1.8.0_122\bin;C:\Program Files (x86)\Intel\iCLS Client\;C:\Program Files\Intel\iCLS Client\;C:\Windows\system32;C:\Windows;C:\Windows\System32\Wbem;C:\Windows\System32\WindowsPowerShell\v1.0\;C:\Program Files (x86)\Acer\abFiles\;C:\Program Files\Intel\Intel(R) Management Engine Components\DAL;C:\Program Files\Intel\Intel(R) Management Engine Components\IPT;C:\Program Files (x86)\Intel\Intel(R) Management Engine Components\DAL;C:\Program Files (x86)\Intel\Intel(R) Management Engine Components\IPT;C:\Program Files (x86)\mingw-w64\i686-5.2.0-posix-dwarf-rt_v4-rev0\mingw32\bin;C:\Program Files\MATLAB\MATLAB Production Server\R2015a\runtime\win64;C:\Program Files\MATLAB\MATLAB Production Server\R2015a\bin;C:\Program Files\MATLAB\MATLAB Production Server\R2015a\polyspace\bin;C:\WINDOWS\system32;C:\WINDOWS;C:\WINDOWS\System32\Wbem;C:\WINDOWS\System32\WindowsPowerShell\v1.0\;C:;C:\Program Files (x86)\Skype\Phone\;C:\WINDOWS\system32;C:\WINDOWS;C:\WINDOWS\System32\Wbem;C:\WINDOWS\System32\WindowsPowerShell\v1.0\;C:\Program Files (x86)\Brackets\command;C:\Users\Joshua\AppData\Local\Microsoft\WindowsApps;;C:\Program Files\Eclipse Oxygon;
USERNAME=Joshua
OS=Windows_NT
PROCESSOR_IDENTIFIER=Intel64 Family 6 Model 60 Stepping 3, GenuineIntel



---------------  S Y S T E M  ---------------

OS: Windows 10.0 , 64 bit Build 16299 (10.0.16299.431)

CPU:total 8 (4 cores per cpu, 2 threads per core) family 6 model 60 stepping 3, cmov, cx8, fxsr, mmx, sse, sse2, sse3, ssse3, sse4.1, sse4.2, popcnt, avx, avx2, aes, clmul, erms, lzcnt, ht, tsc, tscinvbit, bmi1, bmi2

Memory: 4k page, physical 8277272k(2932932k free), swap 10171972k(1831884k free)

vm_info: Java HotSpot(TM) 64-Bit Server VM (25.122-b04) for windows-amd64 JRE (1.8.0_122-ea-b04), built on Oct 25 2016 05:10:58 by "java_re" with MS VC++ 10.0 (VS2010)

time: Mon May 28 12:46:00 2018
elapsed time: 9 seconds (0d 0h 0m 9s)

