#
# A fatal error has been detected by the Java Runtime Environment:
#
#  EXCEPTION_ACCESS_VIOLATION (0xc0000005) at pc=0x000000001cfffe82, pid=9724, tid=0x000000000000261c
#
# JRE version: Java(TM) SE Runtime Environment (8.0_122-b04) (build 1.8.0_122-ea-b04)
# Java VM: Java HotSpot(TM) 64-Bit Server VM (25.122-b04 mixed mode windows-amd64 compressed oops)
# Problematic frame:
# C  0x000000001cfffe82
#
# Failed to write core dump. Minidumps are not enabled by default on client versions of Windows
#
# If you would like to submit a bug report, please visit:
#   http://bugreport.java.com/bugreport/crash.jsp
# The crash happened outside the Java Virtual Machine in native code.
# See problematic frame for where to report the bug.
#

---------------  T H R E A D  ---------------

Current thread (0x0000000004b82800):  JavaThread "main" [_thread_in_native, id=9756, stack(0x00000000049e0000,0x0000000004ae0000)]

siginfo: ExceptionCode=0xc0000005, reading address 0x0000000000000000

Registers:
RAX=0x000000004d080000, RBX=0x0000000020f10000, RCX=0x0000000000000000, RDX=0x0000000002f80004
RSP=0x0000000004ade870, RBP=0x00000000becfca64, RSI=0x0000000000000000, RDI=0x000000003f2dc066
R8 =0x0000000002f80000, R9 =0x0000000000016a40, R10=0x0000000020f86d40, R11=0x0000000002fda900
R12=0x00000000003e4300, R13=0x0000000000016a40, R14=0x0000000002f80000, R15=0x000000004d080000
RIP=0x000000001cfffe82, EFLAGS=0x0000000000010202

Top of Stack: (sp=0x0000000004ade870)
0x0000000004ade870:   000000001f5a5ffc 0000000020fcc040
0x0000000004ade880:   0000000020f10000 0000000000016a40
0x0000000004ade890:   0000000000000000 0000000076c101a2
0x0000000004ade8a0:   00000000003e4300 0000000000000000
0x0000000004ade8b0:   0000000020f10000 0000000004ade868
0x0000000004ade8c0:   0000000004ade8a9 0000000800000006
0x0000000004ade8d0:   0000000019c08f00 00000000757567d5
0x0000000004ade8e0:   0000f63600000000 000000004d080000
0x0000000004ade8f0:   0000000000000000 0000000000000000
0x0000000004ade900:   0000000000016a40 000000001cfffe00
0x0000000004ade910:   000000002120ed78 0000000000000000
0x0000000004ade920:   0000000020fcc040 000000007575b528
0x0000000004ade930:   00000001d7757620 0000000004b82800
0x0000000004ade940:   0000000000000000 0000000004b82800
0x0000000004ade950:   000000001bce17a0 0000000004ade9a8
0x0000000004ade960:   0000000004b82800 000000007574d70d 

Instructions: (pc=0x000000001cfffe82)
0x000000001cfffe62:   68 04 8b 7e 08 89 78 08 48 be 50 6c f6 20 00 00
0x000000001cfffe72:   00 00 48 8b 36 48 8b b6 38 03 00 00 48 8d 34 ce
0x000000001cfffe82:   8b 3e 8b 6e 04 89 78 0c 89 68 10 48 be 50 6c f6
0x000000001cfffe92:   20 00 00 00 00 48 8b 36 48 8b b6 68 03 00 00 48 


Register to memory mapping:

RAX=0x000000004d080000 is an unknown value
RBX=0x0000000020f10000 is an unknown value
RCX=0x0000000000000000 is an unknown value
RDX=0x0000000002f80004 is an unknown value
RSP=0x0000000004ade870 is pointing into the stack for thread: 0x0000000004b82800
RBP=0x00000000becfca64 is an unallocated location in the heap
RSI=0x0000000000000000 is an unknown value
RDI=0x000000003f2dc066 is an unknown value
R8 =0x0000000002f80000 is an unknown value
R9 =0x0000000000016a40 is an unknown value
R10=0x0000000020f86d40 is an unknown value
R11=0x0000000002fda900 is an unknown value
R12=0x00000000003e4300 is an unknown value
R13=0x0000000000016a40 is an unknown value
R14=0x0000000002f80000 is an unknown value
R15=0x000000004d080000 is an unknown value


Stack: [0x00000000049e0000,0x0000000004ae0000],  sp=0x0000000004ade870,  free space=1018k
Native frames: (J=compiled Java code, j=interpreted, Vv=VM code, C=native code)
C  0x000000001cfffe82

Java frames: (J=compiled Java code, j=interpreted, Vv=VM code)
j  org.lwjgl.opengl.GL11.nglDrawElementsBO(IIIJJ)V+0
j  org.lwjgl.opengl.GL11.glDrawElements(IIIJ)V+28
j  com.Engine.RenderEngine.Shaders.Deferred.High.DeferredRenderer.renderModel(Lcom/Engine/RenderEngine/Shaders/Deferred/PBRModel;Lcom/Engine/RenderEngine/Shaders/Deferred/DeferredRenderProperties;)V+26
j  com.Engine.RenderEngine.Shaders.Deferred.High.DeferredRenderer.renderModel(Lcom/Engine/RenderEngine/Shaders/Render/IRenderable;Lcom/Engine/RenderEngine/Shaders/Render/RenderProperties;)V+9
j  com.Engine.RenderEngine.Shaders.Render.Renderer.render(Lcom/Engine/RenderEngine/Camera/Camera;)V+146
j  com.Engine.Demo.DeferredTesting.main([Ljava/lang/String;)V+1651
v  ~StubRoutines::call_stub

---------------  P R O C E S S  ---------------

Java Threads: ( => current thread )
  0x000000002e0dc000 JavaThread "Java2D Disposer" daemon [_thread_blocked, id=2696, stack(0x0000000020750000,0x0000000020850000)]
  0x000000001bbdf800 JavaThread "Service Thread" daemon [_thread_blocked, id=12468, stack(0x000000001cd30000,0x000000001ce30000)]
  0x000000001bbb2800 JavaThread "C1 CompilerThread3" daemon [_thread_blocked, id=8056, stack(0x000000001cc30000,0x000000001cd30000)]
  0x000000001bbb2000 JavaThread "C2 CompilerThread2" daemon [_thread_blocked, id=11612, stack(0x000000001cb30000,0x000000001cc30000)]
  0x000000001bba0000 JavaThread "C2 CompilerThread1" daemon [_thread_blocked, id=1612, stack(0x000000001ca30000,0x000000001cb30000)]
  0x000000001bb4c800 JavaThread "C2 CompilerThread0" daemon [_thread_blocked, id=12628, stack(0x000000001c930000,0x000000001ca30000)]
  0x000000001bb40000 JavaThread "JDWP Command Reader" daemon [_thread_in_native, id=10084, stack(0x000000001c830000,0x000000001c930000)]
  0x000000001bb3e800 JavaThread "JDWP Event Helper Thread" daemon [_thread_blocked, id=6928, stack(0x000000001c730000,0x000000001c830000)]
  0x000000001bb2a000 JavaThread "JDWP Transport Listener: dt_socket" daemon [_thread_blocked, id=5668, stack(0x000000001c630000,0x000000001c730000)]
  0x000000001bb35800 JavaThread "Attach Listener" daemon [_thread_blocked, id=2416, stack(0x000000001c1f0000,0x000000001c2f0000)]
  0x000000001bb34800 JavaThread "Signal Dispatcher" daemon [_thread_blocked, id=9320, stack(0x000000001c0f0000,0x000000001c1f0000)]
  0x000000001bb20800 JavaThread "Finalizer" daemon [_thread_blocked, id=6120, stack(0x000000001bf00000,0x000000001c000000)]
  0x0000000004c7a000 JavaThread "Reference Handler" daemon [_thread_blocked, id=9708, stack(0x000000001ba00000,0x000000001bb00000)]
=>0x0000000004b82800 JavaThread "main" [_thread_in_native, id=9756, stack(0x00000000049e0000,0x0000000004ae0000)]

Other Threads:
  0x0000000019c08000 VMThread [stack: 0x000000001b900000,0x000000001ba00000] [id=7800]
  0x000000001bbe5000 WatcherThread [stack: 0x000000001ce30000,0x000000001cf30000] [id=1880]

VM state:not at safepoint (normal execution)

VM Mutex/Monitor currently owned by a thread: None

Heap:
 PSYoungGen      total 39424K, used 33799K [0x00000000d5e00000, 0x00000000d9200000, 0x0000000100000000)
  eden space 31744K, 82% used [0x00000000d5e00000,0x00000000d7791690,0x00000000d7d00000)
  from space 7680K, 99% used [0x00000000d7d80000,0x00000000d84f06e0,0x00000000d8500000)
  to   space 10752K, 0% used [0x00000000d8780000,0x00000000d8780000,0x00000000d9200000)
 ParOldGen       total 87552K, used 16132K [0x0000000081a00000, 0x0000000086f80000, 0x00000000d5e00000)
  object space 87552K, 18% used [0x0000000081a00000,0x00000000829c1218,0x0000000086f80000)
 Metaspace       used 9230K, capacity 9411K, committed 9472K, reserved 1058816K
  class space    used 942K, capacity 994K, committed 1024K, reserved 1048576K

Card table byte_map: [0x0000000014040000,0x0000000014440000] byte_map_base: 0x0000000013c33000

Marking Bits: (ParMarkBitMap*) 0x0000000075e26600
 Begin Bits: [0x0000000014ef0000, 0x0000000016e88000)
 End Bits:   [0x0000000016e88000, 0x0000000018e20000)

Polling page: 0x0000000004900000

CodeCache: size=245760Kb used=4389Kb max_used=4391Kb free=241370Kb
 bounds [0x0000000004c80000, 0x00000000050d0000, 0x0000000013c80000]
 total_blobs=1502 nmethods=1006 adapters=417
 compilation: enabled

Compilation events (10 events):
Event: 160.933 Thread 0x000000001bbb2800 1007       3       sun.nio.cs.UTF_8$Decoder::decodeArrayLoop (691 bytes)
Event: 160.939 Thread 0x000000001bbb2800 nmethod 1007 0x00000000050bc410 code [0x00000000050bcde0, 0x00000000050c36a8]
Event: 161.383 Thread 0x000000001bb4c800 1008       4       com.Engine.RenderEngine.Textures.PNGDecoder::openChunk (66 bytes)
Event: 161.385 Thread 0x000000001bb4c800 nmethod 1008 0x00000000050cc110 code [0x00000000050cc260, 0x00000000050cc408]
Event: 162.109 Thread 0x000000001bbb2800 1010       3       java.net.URLClassLoader$1::run (5 bytes)
Event: 162.109 Thread 0x000000001bbb2800 nmethod 1010 0x00000000050cb990 code [0x00000000050cbb00, 0x00000000050cbca8]
Event: 162.109 Thread 0x000000001bbb2800 1011   !   3       java.net.URLClassLoader$1::run (63 bytes)
Event: 162.109 Thread 0x000000001bbb2800 nmethod 1011 0x00000000050caf50 code [0x00000000050cb120, 0x00000000050cb688]
Event: 163.983 Thread 0x000000001bbb2800 1012  s    3       java.util.Vector::elementAt (48 bytes)
Event: 163.984 Thread 0x000000001bbb2800 nmethod 1012 0x00000000050c9b90 code [0x00000000050c9da0, 0x00000000050ca948]

GC Heap History (10 events):
Event: 23.080 GC heap before
{Heap before GC invocations=3 (full 0):
 PSYoungGen      total 38400K, used 38377K [0x00000000d5e00000, 0x00000000d8880000, 0x0000000100000000)
  eden space 33280K, 100% used [0x00000000d5e00000,0x00000000d7e80000,0x00000000d7e80000)
  from space 5120K, 99% used [0x00000000d8380000,0x00000000d887a5c0,0x00000000d8880000)
  to   space 5120K, 0% used [0x00000000d7e80000,0x00000000d7e80000,0x00000000d8380000)
 ParOldGen       total 87552K, used 4780K [0x0000000081a00000, 0x0000000086f80000, 0x00000000d5e00000)
  object space 87552K, 5% used [0x0000000081a00000,0x0000000081eab330,0x0000000086f80000)
 Metaspace       used 6870K, capacity 7069K, committed 7168K, reserved 1056768K
  class space    used 678K, capacity 767K, committed 768K, reserved 1048576K
Event: 23.088 GC heap after
Heap after GC invocations=3 (full 0):
 PSYoungGen      total 38400K, used 5118K [0x00000000d5e00000, 0x00000000d8880000, 0x0000000100000000)
  eden space 33280K, 0% used [0x00000000d5e00000,0x00000000d5e00000,0x00000000d7e80000)
  from space 5120K, 99% used [0x00000000d7e80000,0x00000000d837f8a0,0x00000000d8380000)
  to   space 5120K, 0% used [0x00000000d8380000,0x00000000d8380000,0x00000000d8880000)
 ParOldGen       total 87552K, used 7524K [0x0000000081a00000, 0x0000000086f80000, 0x00000000d5e00000)
  object space 87552K, 8% used [0x0000000081a00000,0x0000000082159330,0x0000000086f80000)
 Metaspace       used 6870K, capacity 7069K, committed 7168K, reserved 1056768K
  class space    used 678K, capacity 767K, committed 768K, reserved 1048576K
}
Event: 36.440 GC heap before
{Heap before GC invocations=4 (full 0):
 PSYoungGen      total 38400K, used 38398K [0x00000000d5e00000, 0x00000000d8880000, 0x0000000100000000)
  eden space 33280K, 100% used [0x00000000d5e00000,0x00000000d7e80000,0x00000000d7e80000)
  from space 5120K, 99% used [0x00000000d7e80000,0x00000000d837f8a0,0x00000000d8380000)
  to   space 5120K, 0% used [0x00000000d8380000,0x00000000d8380000,0x00000000d8880000)
 ParOldGen       total 87552K, used 7524K [0x0000000081a00000, 0x0000000086f80000, 0x00000000d5e00000)
  object space 87552K, 8% used [0x0000000081a00000,0x0000000082159330,0x0000000086f80000)
 Metaspace       used 6870K, capacity 7069K, committed 7168K, reserved 1056768K
  class space    used 678K, capacity 767K, committed 768K, reserved 1048576K
Event: 36.449 GC heap after
Heap after GC invocations=4 (full 0):
 PSYoungGen      total 38400K, used 5115K [0x00000000d5e00000, 0x00000000d8880000, 0x0000000100000000)
  eden space 33280K, 0% used [0x00000000d5e00000,0x00000000d5e00000,0x00000000d7e80000)
  from space 5120K, 99% used [0x00000000d8380000,0x00000000d887eff0,0x00000000d8880000)
  to   space 5120K, 0% used [0x00000000d7e80000,0x00000000d7e80000,0x00000000d8380000)
 ParOldGen       total 87552K, used 10324K [0x0000000081a00000, 0x0000000086f80000, 0x00000000d5e00000)
  object space 87552K, 11% used [0x0000000081a00000,0x0000000082415330,0x0000000086f80000)
 Metaspace       used 6870K, capacity 7069K, committed 7168K, reserved 1056768K
  class space    used 678K, capacity 767K, committed 768K, reserved 1048576K
}
Event: 68.034 GC heap before
{Heap before GC invocations=5 (full 0):
 PSYoungGen      total 38400K, used 38395K [0x00000000d5e00000, 0x00000000d8880000, 0x0000000100000000)
  eden space 33280K, 100% used [0x00000000d5e00000,0x00000000d7e80000,0x00000000d7e80000)
  from space 5120K, 99% used [0x00000000d8380000,0x00000000d887eff0,0x00000000d8880000)
  to   space 5120K, 0% used [0x00000000d7e80000,0x00000000d7e80000,0x00000000d8380000)
 ParOldGen       total 87552K, used 10324K [0x0000000081a00000, 0x0000000086f80000, 0x00000000d5e00000)
  object space 87552K, 11% used [0x0000000081a00000,0x0000000082415330,0x0000000086f80000)
 Metaspace       used 6870K, capacity 7069K, committed 7168K, reserved 1056768K
  class space    used 678K, capacity 767K, committed 768K, reserved 1048576K
Event: 68.048 GC heap after
Heap after GC invocations=5 (full 0):
 PSYoungGen      total 37888K, used 5119K [0x00000000d5e00000, 0x00000000d9400000, 0x0000000100000000)
  eden space 32768K, 0% used [0x00000000d5e00000,0x00000000d5e00000,0x00000000d7e00000)
  from space 5120K, 99% used [0x00000000d7e80000,0x00000000d837fd50,0x00000000d8380000)
  to   space 11264K, 0% used [0x00000000d8900000,0x00000000d8900000,0x00000000d9400000)
 ParOldGen       total 87552K, used 13218K [0x0000000081a00000, 0x0000000086f80000, 0x00000000d5e00000)
  object space 87552K, 15% used [0x0000000081a00000,0x00000000826e8ad0,0x0000000086f80000)
 Metaspace       used 6870K, capacity 7069K, committed 7168K, reserved 1056768K
  class space    used 678K, capacity 767K, committed 768K, reserved 1048576K
}
Event: 107.713 GC heap before
{Heap before GC invocations=6 (full 0):
 PSYoungGen      total 37888K, used 37887K [0x00000000d5e00000, 0x00000000d9400000, 0x0000000100000000)
  eden space 32768K, 100% used [0x00000000d5e00000,0x00000000d7e00000,0x00000000d7e00000)
  from space 5120K, 99% used [0x00000000d7e80000,0x00000000d837fd50,0x00000000d8380000)
  to   space 11264K, 0% used [0x00000000d8900000,0x00000000d8900000,0x00000000d9400000)
 ParOldGen       total 87552K, used 13218K [0x0000000081a00000, 0x0000000086f80000, 0x00000000d5e00000)
  object space 87552K, 15% used [0x0000000081a00000,0x00000000826e8ad0,0x0000000086f80000)
 Metaspace       used 6870K, capacity 7069K, committed 7168K, reserved 1056768K
  class space    used 678K, capacity 767K, committed 768K, reserved 1048576K
Event: 107.721 GC heap after
Heap after GC invocations=6 (full 0):
 PSYoungGen      total 41984K, used 7647K [0x00000000d5e00000, 0x00000000d9280000, 0x0000000100000000)
  eden space 32256K, 0% used [0x00000000d5e00000,0x00000000d5e00000,0x00000000d7d80000)
  from space 9728K, 78% used [0x00000000d8900000,0x00000000d9077d50,0x00000000d9280000)
  to   space 10752K, 0% used [0x00000000d7d80000,0x00000000d7d80000,0x00000000d8800000)
 ParOldGen       total 87552K, used 13218K [0x0000000081a00000, 0x0000000086f80000, 0x00000000d5e00000)
  object space 87552K, 15% used [0x0000000081a00000,0x00000000826e8ad0,0x0000000086f80000)
 Metaspace       used 6870K, capacity 7069K, committed 7168K, reserved 1056768K
  class space    used 678K, capacity 767K, committed 768K, reserved 1048576K
}
Event: 144.566 GC heap before
{Heap before GC invocations=7 (full 0):
 PSYoungGen      total 41984K, used 39903K [0x00000000d5e00000, 0x00000000d9280000, 0x0000000100000000)
  eden space 32256K, 100% used [0x00000000d5e00000,0x00000000d7d80000,0x00000000d7d80000)
  from space 9728K, 78% used [0x00000000d8900000,0x00000000d9077d50,0x00000000d9280000)
  to   space 10752K, 0% used [0x00000000d7d80000,0x00000000d7d80000,0x00000000d8800000)
 ParOldGen       total 87552K, used 13218K [0x0000000081a00000, 0x0000000086f80000, 0x00000000d5e00000)
  object space 87552K, 15% used [0x0000000081a00000,0x00000000826e8ad0,0x0000000086f80000)
 Metaspace       used 6870K, capacity 7069K, committed 7168K, reserved 1056768K
  class space    used 678K, capacity 767K, committed 768K, reserved 1048576K
Event: 144.574 GC heap after
Heap after GC invocations=7 (full 0):
 PSYoungGen      total 39424K, used 7617K [0x00000000d5e00000, 0x00000000d9200000, 0x0000000100000000)
  eden space 31744K, 0% used [0x00000000d5e00000,0x00000000d5e00000,0x00000000d7d00000)
  from space 7680K, 99% used [0x00000000d7d80000,0x00000000d84f06e0,0x00000000d8500000)
  to   space 10752K, 0% used [0x00000000d8780000,0x00000000d8780000,0x00000000d9200000)
 ParOldGen       total 87552K, used 16132K [0x0000000081a00000, 0x0000000086f80000, 0x00000000d5e00000)
  object space 87552K, 18% used [0x0000000081a00000,0x00000000829c1218,0x0000000086f80000)
 Metaspace       used 6870K, capacity 7069K, committed 7168K, reserved 1056768K
  class space    used 678K, capacity 767K, committed 768K, reserved 1048576K
}

Deoptimization events (10 events):
Event: 159.138 Thread 0x0000000004b82800 Uncommon trap: reason=unstable_if action=reinterpret pc=0x0000000004f7c3b8 method=java.lang.String.indexOf([CII[CIII)I @ 3
Event: 159.138 Thread 0x0000000004b82800 Uncommon trap: reason=unstable_if action=reinterpret pc=0x0000000004ec2cfc method=java.util.ArrayList.indexOf(Ljava/lang/Object;)I @ 41
Event: 159.155 Thread 0x0000000004b82800 Uncommon trap: reason=class_check action=maybe_recompile pc=0x0000000004ec3608 method=java.util.HashSet.add(Ljava/lang/Object;)Z @ 8
Event: 159.155 Thread 0x0000000004b82800 Uncommon trap: reason=class_check action=maybe_recompile pc=0x0000000004ec3608 method=java.util.HashSet.add(Ljava/lang/Object;)Z @ 8
Event: 159.155 Thread 0x0000000004b82800 Uncommon trap: reason=class_check action=maybe_recompile pc=0x0000000004ec3608 method=java.util.HashSet.add(Ljava/lang/Object;)Z @ 8
Event: 159.156 Thread 0x0000000004b82800 Uncommon trap: reason=class_check action=maybe_recompile pc=0x0000000004ec3608 method=java.util.HashSet.add(Ljava/lang/Object;)Z @ 8
Event: 159.722 Thread 0x0000000004b82800 Uncommon trap: reason=class_check action=maybe_recompile pc=0x0000000004f86dc8 method=java.io.BufferedInputStream.read([BII)I @ 101
Event: 159.722 Thread 0x0000000004b82800 Uncommon trap: reason=class_check action=maybe_recompile pc=0x0000000004f86dc8 method=java.io.BufferedInputStream.read([BII)I @ 101
Event: 159.722 Thread 0x0000000004b82800 Uncommon trap: reason=class_check action=maybe_recompile pc=0x0000000004f86dc8 method=java.io.BufferedInputStream.read([BII)I @ 101
Event: 159.722 Thread 0x0000000004b82800 Uncommon trap: reason=class_check action=maybe_recompile pc=0x0000000004f86dc8 method=java.io.BufferedInputStream.read([BII)I @ 101

Internal exceptions (10 events):
Event: 11.033 Thread 0x0000000004b82800 Exception <a 'java/security/PrivilegedActionException'> (0x00000000d6466800) thrown at [C:\re\workspace\8-2-build-windows-amd64-cygwin\jdk8u122\8092.nc\hotspot\src\share\vm\prims\jvm.cpp, line 1390]
Event: 11.034 Thread 0x0000000004b82800 Exception <a 'java/security/PrivilegedActionException'> (0x00000000d6469cb8) thrown at [C:\re\workspace\8-2-build-windows-amd64-cygwin\jdk8u122\8092.nc\hotspot\src\share\vm\prims\jvm.cpp, line 1390]
Event: 11.034 Thread 0x0000000004b82800 Exception <a 'java/security/PrivilegedActionException'> (0x00000000d6469ec8) thrown at [C:\re\workspace\8-2-build-windows-amd64-cygwin\jdk8u122\8092.nc\hotspot\src\share\vm\prims\jvm.cpp, line 1390]
Event: 11.034 Thread 0x0000000004b82800 Exception <a 'java/security/PrivilegedActionException'> (0x00000000d646b1a0) thrown at [C:\re\workspace\8-2-build-windows-amd64-cygwin\jdk8u122\8092.nc\hotspot\src\share\vm\prims\jvm.cpp, line 1390]
Event: 11.034 Thread 0x0000000004b82800 Exception <a 'java/security/PrivilegedActionException'> (0x00000000d646b3b0) thrown at [C:\re\workspace\8-2-build-windows-amd64-cygwin\jdk8u122\8092.nc\hotspot\src\share\vm\prims\jvm.cpp, line 1390]
Event: 15.517 Thread 0x0000000004b82800 Implicit null exception at 0x0000000004f10ead to 0x0000000004f10f75
Event: 15.560 Thread 0x0000000004b82800 Exception <a 'java/lang/NoSuchFieldError': method resolution failed> (0x00000000d7e22f28) thrown at [C:\re\workspace\8-2-build-windows-amd64-cygwin\jdk8u122\8092.nc\hotspot\src\share\vm\prims\methodHandles.cpp, line 1146]
Event: 15.567 Thread 0x0000000004b82800 Exception <a 'java/lang/NoSuchFieldError': method resolution failed> (0x00000000d7e30618) thrown at [C:\re\workspace\8-2-build-windows-amd64-cygwin\jdk8u122\8092.nc\hotspot\src\share\vm\prims\methodHandles.cpp, line 1146]
Event: 159.039 Thread 0x0000000004b82800 Implicit null exception at 0x0000000004f1b0d2 to 0x0000000004f1b2c5
Event: 159.041 Thread 0x0000000004b82800 Exception <a 'java/io/FileNotFoundException'> (0x00000000d6f31238) thrown at [C:\re\workspace\8-2-build-windows-amd64-cygwin\jdk8u122\8092.nc\hotspot\src\share\vm\prims\jni.cpp, line 709]

Events (10 events):
Event: 163.532 Thread 0x0000000004b82800 DEOPT PACKING pc=0x0000000004dd2a14 sp=0x0000000004addd20
Event: 163.532 Thread 0x0000000004b82800 DEOPT UNPACKING pc=0x0000000004cc787f sp=0x0000000004addb40 mode 1
Event: 163.733 loading class com/Engine/RenderEngine/Util/RenderStructs$Transform
Event: 163.733 loading class com/Engine/RenderEngine/Util/RenderStructs$Transform done
Event: 163.733 Thread 0x0000000004b82800 DEOPT PACKING pc=0x0000000004e3f9c1 sp=0x0000000004adde20
Event: 163.733 Thread 0x0000000004b82800 DEOPT UNPACKING pc=0x0000000004cc787f sp=0x0000000004addb70 mode 1
Event: 163.733 Thread 0x0000000004b82800 DEOPT PACKING pc=0x0000000004dd2c7c sp=0x0000000004addea0
Event: 163.733 Thread 0x0000000004b82800 DEOPT UNPACKING pc=0x0000000004cc787f sp=0x0000000004addcc0 mode 1
Event: 163.733 Thread 0x0000000004b82800 DEOPT PACKING pc=0x0000000004dd2a14 sp=0x0000000004ade030
Event: 163.733 Thread 0x0000000004b82800 DEOPT UNPACKING pc=0x0000000004cc787f sp=0x0000000004adde50 mode 1


Dynamic libraries:
0x00007ff6724b0000 - 0x00007ff6724e7000 	C:\Program Files\Java\jdk1.8.0_122\bin\javaw.exe
0x00007ffdd1200000 - 0x00007ffdd13e0000 	C:\WINDOWS\SYSTEM32\ntdll.dll
0x00007ffdcfc10000 - 0x00007ffdcfcbe000 	C:\WINDOWS\System32\KERNEL32.DLL
0x00007ffdcd9d0000 - 0x00007ffdcdc36000 	C:\WINDOWS\System32\KERNELBASE.dll
0x00007ffdd1120000 - 0x00007ffdd11c1000 	C:\WINDOWS\System32\ADVAPI32.dll
0x00007ffdcfda0000 - 0x00007ffdcfe3d000 	C:\WINDOWS\System32\msvcrt.dll
0x00007ffdcfcc0000 - 0x00007ffdcfd1b000 	C:\WINDOWS\System32\sechost.dll
0x00007ffdd05e0000 - 0x00007ffdd06ff000 	C:\WINDOWS\System32\RPCRT4.dll
0x00007ffdd0e30000 - 0x00007ffdd0fbf000 	C:\WINDOWS\System32\USER32.dll
0x00007ffdcd9b0000 - 0x00007ffdcd9d0000 	C:\WINDOWS\System32\win32u.dll
0x00007ffdd0a80000 - 0x00007ffdd0aa8000 	C:\WINDOWS\System32\GDI32.dll
0x00007ffdcd760000 - 0x00007ffdcd8f3000 	C:\WINDOWS\System32\gdi32full.dll
0x00007ffdcdc40000 - 0x00007ffdcdcdb000 	C:\WINDOWS\System32\msvcp_win.dll
0x00007ffdcd660000 - 0x00007ffdcd756000 	C:\WINDOWS\System32\ucrtbase.dll
0x00007ffdbfd00000 - 0x00007ffdbff69000 	C:\WINDOWS\WinSxS\amd64_microsoft.windows.common-controls_6595b64144ccf1df_6.0.16299.431_none_15c7d3ee93659e73\COMCTL32.dll
0x00007ffdd0ab0000 - 0x00007ffdd0db8000 	C:\WINDOWS\System32\combase.dll
0x00007ffdcdce0000 - 0x00007ffdcdd52000 	C:\WINDOWS\System32\bcryptPrimitives.dll
0x00007ffdcfea0000 - 0x00007ffdcfecd000 	C:\WINDOWS\System32\IMM32.DLL
0x00007ffdb2670000 - 0x00007ffdb26ed000 	c:\program files (x86)\charter security suite\apps\ultralight\ulcore\1525688755\fshook64.dll
0x00000000525e0000 - 0x00000000526b2000 	C:\Program Files\Java\jdk1.8.0_122\jre\bin\msvcr100.dll
0x0000000075610000 - 0x0000000075ea6000 	C:\Program Files\Java\jdk1.8.0_122\jre\bin\server\jvm.dll
0x00007ffdd0dc0000 - 0x00007ffdd0dc8000 	C:\WINDOWS\System32\PSAPI.DLL
0x00007ffdcba00000 - 0x00007ffdcba23000 	C:\WINDOWS\SYSTEM32\WINMM.dll
0x00007ffdbfc80000 - 0x00007ffdbfc8a000 	C:\WINDOWS\SYSTEM32\VERSION.dll
0x00007ffdcbab0000 - 0x00007ffdcbab9000 	C:\WINDOWS\SYSTEM32\WSOCK32.dll
0x00007ffdd0570000 - 0x00007ffdd05dc000 	C:\WINDOWS\System32\WS2_32.dll
0x00007ffdcb9a0000 - 0x00007ffdcb9ca000 	C:\WINDOWS\SYSTEM32\WINMMBASE.dll
0x00007ffdcdd60000 - 0x00007ffdcddaa000 	C:\WINDOWS\System32\cfgmgr32.dll
0x00000000525d0000 - 0x00000000525df000 	C:\Program Files\Java\jdk1.8.0_122\jre\bin\verify.dll
0x00000000525a0000 - 0x00000000525c9000 	C:\Program Files\Java\jdk1.8.0_122\jre\bin\java.dll
0x0000000050430000 - 0x0000000050465000 	C:\Program Files\Java\jdk1.8.0_122\jre\bin\jdwp.dll
0x0000000052590000 - 0x0000000052598000 	C:\Program Files\Java\jdk1.8.0_122\jre\bin\npt.dll
0x0000000050410000 - 0x0000000050426000 	C:\Program Files\Java\jdk1.8.0_122\jre\bin\zip.dll
0x00007ffdce7d0000 - 0x00007ffdcfc08000 	C:\WINDOWS\System32\SHELL32.dll
0x00007ffdd04c0000 - 0x00007ffdd0566000 	C:\WINDOWS\System32\shcore.dll
0x00007ffdcddb0000 - 0x00007ffdce4f7000 	C:\WINDOWS\System32\windows.storage.dll
0x00007ffdd0700000 - 0x00007ffdd0751000 	C:\WINDOWS\System32\shlwapi.dll
0x00007ffdcd570000 - 0x00007ffdcd581000 	C:\WINDOWS\System32\kernel.appcore.dll
0x00007ffdcd590000 - 0x00007ffdcd5dc000 	C:\WINDOWS\System32\powrprof.dll
0x00007ffdcd5e0000 - 0x00007ffdcd5fb000 	C:\WINDOWS\System32\profapi.dll
0x0000000050400000 - 0x0000000050409000 	C:\Program Files\Java\jdk1.8.0_122\jre\bin\dt_socket.dll
0x00007ffdb9800000 - 0x00007ffdb9816000 	C:\WINDOWS\system32\napinsp.dll
0x00007ffdba450000 - 0x00007ffdba46a000 	C:\WINDOWS\system32\pnrpnsp.dll
0x00007ffdc9dc0000 - 0x00007ffdc9dd8000 	C:\WINDOWS\system32\NLAapi.dll
0x00007ffdccde0000 - 0x00007ffdcce46000 	C:\WINDOWS\System32\mswsock.dll
0x00007ffdccbb0000 - 0x00007ffdccc66000 	C:\WINDOWS\SYSTEM32\DNSAPI.dll
0x00007ffdd1110000 - 0x00007ffdd1118000 	C:\WINDOWS\System32\NSI.dll
0x00007ffdccb70000 - 0x00007ffdccba9000 	C:\WINDOWS\SYSTEM32\IPHLPAPI.DLL
0x00007ffdbebe0000 - 0x00007ffdbebee000 	C:\WINDOWS\System32\winrnr.dll
0x00007ffdc7a40000 - 0x00007ffdc7a55000 	C:\WINDOWS\System32\wshbth.dll
0x00007ffdc4f40000 - 0x00007ffdc4fb0000 	C:\WINDOWS\System32\fwpuclnt.dll
0x00007ffdcd0b0000 - 0x00007ffdcd0d5000 	C:\WINDOWS\SYSTEM32\bcrypt.dll
0x00007ffdc5190000 - 0x00007ffdc519a000 	C:\Windows\System32\rasadhlp.dll
0x0000000180000000 - 0x0000000180051000 	C:\Users\Joshua\git\AoT\Engine\lib\lwjgl-2.9.1\native\windows\lwjgl64.dll
0x00007ffdba470000 - 0x00007ffdba58e000 	C:\WINDOWS\SYSTEM32\OPENGL32.dll
0x00007ffdc4600000 - 0x00007ffdc462c000 	C:\WINDOWS\SYSTEM32\GLU32.dll
0x00007ffdcbce0000 - 0x00007ffdcbd75000 	C:\WINDOWS\system32\uxtheme.dll
0x00007ffdd0910000 - 0x00007ffdd0a77000 	C:\WINDOWS\System32\MSCTF.dll
0x00007ffdce6d0000 - 0x00007ffdce795000 	C:\WINDOWS\System32\OLEAUT32.dll
0x00007ffdcbdd0000 - 0x00007ffdcbdfa000 	C:\WINDOWS\system32\dwmapi.dll
0x0000000075eb0000 - 0x0000000078000000 	C:\WINDOWS\SYSTEM32\nvoglv64.DLL
0x00007ffdcfed0000 - 0x00007ffdd031e000 	C:\WINDOWS\System32\SETUPAPI.dll
0x00007ffdca3b0000 - 0x00007ffdca3c3000 	C:\WINDOWS\SYSTEM32\WTSAPI32.dll
0x00007ffdcd360000 - 0x00007ffdcd387000 	C:\WINDOWS\SYSTEM32\DEVOBJ.dll
0x00007ffdcd600000 - 0x00007ffdcd658000 	C:\WINDOWS\System32\WINTRUST.dll
0x00007ffdcd550000 - 0x00007ffdcd562000 	C:\WINDOWS\System32\MSASN1.dll
0x00007ffdce500000 - 0x00007ffdce6ce000 	C:\WINDOWS\System32\CRYPT32.dll
0x00007ffdcc680000 - 0x00007ffdcc6b1000 	C:\WINDOWS\SYSTEM32\ntmarta.dll
0x00007ffdc5b80000 - 0x00007ffdc5c18000 	C:\WINDOWS\System32\TextInputFramework.dll
0x00007ffdc5670000 - 0x00007ffdc595e000 	C:\WINDOWS\System32\CoreUIComponents.dll
0x00007ffdca710000 - 0x00007ffdca7ec000 	C:\WINDOWS\System32\CoreMessaging.dll
0x00007ffdc9af0000 - 0x00007ffdc9c26000 	C:\WINDOWS\SYSTEM32\wintypes.dll
0x00007ffdc9c90000 - 0x00007ffdc9d27000 	C:\WINDOWS\SYSTEM32\mscms.dll
0x00007ffdcd480000 - 0x00007ffdcd4a9000 	C:\WINDOWS\SYSTEM32\USERENV.dll
0x00007ffda59b0000 - 0x00007ffda59f1000 	C:\WINDOWS\SYSTEM32\icm32.dll
0x00007ffdcc740000 - 0x00007ffdcc795000 	C:\WINDOWS\SYSTEM32\WINSTA.dll
0x00007ffdcc390000 - 0x00007ffdcc43f000 	C:\WINDOWS\system32\dxgi.dll
0x00007ffd852c0000 - 0x00007ffd869f2000 	C:\WINDOWS\System32\DriverStore\FileRepository\nvacwu.inf_amd64_31f4ef4821269ebb\nvwgf2umx.dll
0x00007ffdc1ed0000 - 0x00007ffdc22ca000 	C:\WINDOWS\system32\nvapi64.dll
0x00007ffdd0fc0000 - 0x00007ffdd1109000 	C:\WINDOWS\System32\ole32.dll
0x00007ffdca420000 - 0x00007ffdca702000 	C:\WINDOWS\SYSTEM32\d3d11.dll
0x0000000050260000 - 0x00000000503f8000 	C:\Program Files\Java\jdk1.8.0_122\jre\bin\awt.dll
0x00007ffdcbaf0000 - 0x00007ffdcbb78000 	C:\WINDOWS\SYSTEM32\apphelp.dll
0x00007ffdccfa0000 - 0x00007ffdccfb7000 	C:\WINDOWS\SYSTEM32\CRYPTSP.dll
0x00007ffdcc9e0000 - 0x00007ffdcca13000 	C:\WINDOWS\system32\rsaenh.dll
0x00007ffdccfc0000 - 0x00007ffdccfcb000 	C:\WINDOWS\SYSTEM32\CRYPTBASE.dll
0x0000000050240000 - 0x000000005025a000 	C:\Program Files\Java\jdk1.8.0_122\jre\bin\net.dll
0x00007ffdc8000000 - 0x00007ffdc8016000 	C:\WINDOWS\SYSTEM32\dhcpcsvc6.DLL
0x00007ffdc87d0000 - 0x00007ffdc87ea000 	C:\WINDOWS\SYSTEM32\dhcpcsvc.DLL
0x0000000050220000 - 0x0000000050231000 	C:\Program Files\Java\jdk1.8.0_122\jre\bin\nio.dll
0x00007ffdbd210000 - 0x00007ffdbd3d8000 	C:\WINDOWS\SYSTEM32\dbghelp.dll

VM Arguments:
jvm_args: -agentlib:jdwp=transport=dt_socket,suspend=y,address=localhost:63532 -Djava.library.path=C:\Users\Joshua\git\AoT\Engine\lib\lwjgl-2.9.1\native\windows -Dfile.encoding=Cp1252 
java_command: com.Engine.Demo.DeferredTesting
java_class_path (initial): C:\Program Files\Java\jdk1.8.0_122\jre\lib\resources.jar;C:\Program Files\Java\jdk1.8.0_122\jre\lib\rt.jar;C:\Program Files\Java\jdk1.8.0_122\jre\lib\jsse.jar;C:\Program Files\Java\jdk1.8.0_122\jre\lib\jce.jar;C:\Program Files\Java\jdk1.8.0_122\jre\lib\charsets.jar;C:\Program Files\Java\jdk1.8.0_122\jre\lib\ext\access-bridge-64.jar;C:\Program Files\Java\jdk1.8.0_122\jre\lib\ext\cldrdata.jar;C:\Program Files\Java\jdk1.8.0_122\jre\lib\ext\dnsns.jar;C:\Program Files\Java\jdk1.8.0_122\jre\lib\ext\jaccess.jar;C:\Program Files\Java\jdk1.8.0_122\jre\lib\ext\jfxrt.jar;C:\Program Files\Java\jdk1.8.0_122\jre\lib\ext\localedata.jar;C:\Program Files\Java\jdk1.8.0_122\jre\lib\ext\nashorn.jar;C:\Program Files\Java\jdk1.8.0_122\jre\lib\ext\sunec.jar;C:\Program Files\Java\jdk1.8.0_122\jre\lib\ext\sunjce_provider.jar;C:\Program Files\Java\jdk1.8.0_122\jre\lib\ext\sunmscapi.jar;C:\Program Files\Java\jdk1.8.0_122\jre\lib\ext\sunpkcs11.jar;C:\Program Files\Java\jdk1.8.0_122\jre\lib\ext\zipfs.jar;C:\Users\Joshua\git\Engine\Engine - 3.4\bin;C:\Users\Joshua\git\AoT\Engine\lib\lwjgl-2.9.1\jar\jinput.jar;C:\Users\Joshua\git\AoT\Engine\lib\lwjgl-2.9.1\jar\lwjgl_util.jar;C:\Users\Joshua\git\AoT\Engine\lib\lwjgl-2.9.1\jar\lwjgl.jar
Launcher Type: SUN_STANDARD

Environment Variables:
PATH=C:\Program Files\Java\jdk1.8.0_122\jre\bin;C:/Program Files/Java/jre1.8.0_71/bin/server;C:/Program Files/Java/jre1.8.0_71/bin;C:/Program Files/Java/jre1.8.0_71/lib/amd64;C:\ProgramData\Oracle\Java\javapath;C:\Program Files\ffmpeg-20170225-7e4f32f-win64-static\bin;C:\Program Files (x86)\NVIDIA Corporation\PhysX\Common;C:\Program Files\Java\jdk1.8.0_122\bin;C:\Program Files (x86)\Intel\iCLS Client\;C:\Program Files\Intel\iCLS Client\;C:\Windows\system32;C:\Windows;C:\Windows\System32\Wbem;C:\Windows\System32\WindowsPowerShell\v1.0\;C:\Program Files (x86)\Acer\abFiles\;C:\Program Files\Intel\Intel(R) Management Engine Components\DAL;C:\Program Files\Intel\Intel(R) Management Engine Components\IPT;C:\Program Files (x86)\Intel\Intel(R) Management Engine Components\DAL;C:\Program Files (x86)\Intel\Intel(R) Management Engine Components\IPT;C:\Program Files (x86)\mingw-w64\i686-5.2.0-posix-dwarf-rt_v4-rev0\mingw32\bin;C:\Program Files\MATLAB\MATLAB Production Server\R2015a\runtime\win64;C:\Program Files\MATLAB\MATLAB Production Server\R2015a\bin;C:\Program Files\MATLAB\MATLAB Production Server\R2015a\polyspace\bin;C:\WINDOWS\system32;C:\WINDOWS;C:\WINDOWS\System32\Wbem;C:\WINDOWS\System32\WindowsPowerShell\v1.0\;C:;C:\Program Files (x86)\Skype\Phone\;C:\WINDOWS\system32;C:\WINDOWS;C:\WINDOWS\System32\Wbem;C:\WINDOWS\System32\WindowsPowerShell\v1.0\;C:\Program Files (x86)\Brackets\command;C:\Users\Joshua\AppData\Local\Microsoft\WindowsApps;;C:\Program Files\Eclipse Oxygon;
USERNAME=Joshua
OS=Windows_NT
PROCESSOR_IDENTIFIER=Intel64 Family 6 Model 60 Stepping 3, GenuineIntel



---------------  S Y S T E M  ---------------

OS: Windows 10.0 , 64 bit Build 16299 (10.0.16299.431)

CPU:total 8 (4 cores per cpu, 2 threads per core) family 6 model 60 stepping 3, cmov, cx8, fxsr, mmx, sse, sse2, sse3, ssse3, sse4.1, sse4.2, popcnt, avx, avx2, aes, clmul, erms, lzcnt, ht, tsc, tscinvbit, bmi1, bmi2

Memory: 4k page, physical 8277272k(3120832k free), swap 10171972k(1746720k free)

vm_info: Java HotSpot(TM) 64-Bit Server VM (25.122-b04) for windows-amd64 JRE (1.8.0_122-ea-b04), built on Oct 25 2016 05:10:58 by "java_re" with MS VC++ 10.0 (VS2010)

time: Mon May 28 12:41:29 2018
elapsed time: 164 seconds (0d 0h 2m 44s)

