#
# A fatal error has been detected by the Java Runtime Environment:
#
#  EXCEPTION_ACCESS_VIOLATION (0xc0000005) at pc=0x00007ffa53e530f6, pid=8456, tid=0x000000000000178c
#
# JRE version: Java(TM) SE Runtime Environment (8.0_122-b04) (build 1.8.0_122-ea-b04)
# Java VM: Java HotSpot(TM) 64-Bit Server VM (25.122-b04 mixed mode windows-amd64 compressed oops)
# Problematic frame:
# C  [ig75icd64.dll+0x1a30f6]
#
# Failed to write core dump. Minidumps are not enabled by default on client versions of Windows
#
# If you would like to submit a bug report, please visit:
#   http://bugreport.java.com/bugreport/crash.jsp
# The crash happened outside the Java Virtual Machine in native code.
# See problematic frame for where to report the bug.
#

---------------  T H R E A D  ---------------

Current thread (0x000000000450d800):  JavaThread "main" [_thread_in_native, id=6028, stack(0x0000000004330000,0x0000000004430000)]

siginfo: ExceptionCode=0xc0000005, reading address 0x0000000000000010

Registers:
RAX=0x0000000061205b58, RBX=0x0000000002719110, RCX=0x0000000000000000, RDX=0x00000000027317c0
RSP=0x000000000442e950, RBP=0x000000000442ea80, RSI=0x0000000000000001, RDI=0x00000000612a14d0
R8 =0x0000000000000001, R9 =0x0000000000000000, R10=0x0000000000000000, R11=0x0000000000000280
R12=0x0000000000000000, R13=0x0000000000002600, R14=0x00000000027317c0, R15=0x0000000000000001
RIP=0x00007ffa53e530f6, EFLAGS=0x0000000000010206

Top of Stack: (sp=0x000000000442e950)
0x000000000442e950:   00000000000000dc 0000000100000008
0x000000000442e960:   0000000000000000 0000000000000000
0x000000000442e970:   0000000002719110 00007ffa53eaf2a6
0x000000000442e980:   0000000002719110 0000000000000001
0x000000000442e990:   000000006129fd10 00007ffa9291f0f4
0x000000000442e9a0:   0000000000000001 000000000000007c
0x000000000442e9b0:   0000000000000000 0000000100000001
0x000000000442e9c0:   0000000002732160 0000000001cfd228
0x000000000442e9d0:   0000000001cfd22c 0000000000000001
0x000000000442e9e0:   0000000000000000 0000000100000001
0x000000000442e9f0:   0000000000000000 0000000000000000
0x000000000442ea00:   0000000000000000 0000000000000000
0x000000000442ea10:   0000000000000000 0000000000000000
0x000000000442ea20:   0000000000000000 0000000000000000
0x000000000442ea30:   0000000000000000 0000000000000000
0x000000000442ea40:   0000000000000000 0000000000000000 

Instructions: (pc=0x00007ffa53e530f6)
0x00007ffa53e530d6:   74 03 33 c0 c3 b8 01 00 00 00 c3 cc cc cc cc cc
0x00007ffa53e530e6:   cc cc cc cc cc cc cc cc cc cc 40 53 48 83 ec 20
0x00007ffa53e530f6:   8b 41 10 48 8d 59 20 39 03 74 35 48 8b 91 80 00
0x00007ffa53e53106:   00 00 48 85 d2 74 15 48 8b 52 20 4c 8b c3 e8 27 


Register to memory mapping:

RAX=0x0000000061205b58 is an unknown value
RBX=0x0000000002719110 is an unknown value
RCX=0x0000000000000000 is an unknown value
RDX=0x00000000027317c0 is an unknown value
RSP=0x000000000442e950 is pointing into the stack for thread: 0x000000000450d800
RBP=0x000000000442ea80 is pointing into the stack for thread: 0x000000000450d800
RSI=0x0000000000000001 is an unknown value
RDI=0x00000000612a14d0 is an unknown value
R8 =0x0000000000000001 is an unknown value
R9 =0x0000000000000000 is an unknown value
R10=0x0000000000000000 is an unknown value
R11=0x0000000000000280 is an unknown value
R12=0x0000000000000000 is an unknown value
R13=0x0000000000002600 is an unknown value
R14=0x00000000027317c0 is an unknown value
R15=0x0000000000000001 is an unknown value


Stack: [0x0000000004330000,0x0000000004430000],  sp=0x000000000442e950,  free space=1018k
Native frames: (J=compiled Java code, j=interpreted, Vv=VM code, C=native code)
C  [ig75icd64.dll+0x1a30f6]
C  [ig75icd64.dll+0x1ff2a6]
C  [ig75icd64.dll+0x1aabde]
C  [ig75icd64.dll+0x1c0c2]
C  [lwjgl64.dll+0xc5b3]
C  0x0000000004627f74

Java frames: (J=compiled Java code, j=interpreted, Vv=VM code)
j  org.lwjgl.opengl.GL30.nglBlitFramebuffer(IIIIIIIIIIJ)V+0
j  org.lwjgl.opengl.GL30.glBlitFramebuffer(IIIIIIIIII)V+35
j  com.Engine.RenderEngine.New_Pipeline.FBO.FBO.resolve(Lcom/Engine/RenderEngine/New_Pipeline/FBO/FBO;II)Lcom/Engine/RenderEngine/New_Pipeline/FBO/FBO;+50
j  com.Engine.RenderEngine.New_Pipeline.FBO.FBO.resolve(Lcom/Engine/RenderEngine/New_Pipeline/FBO/FBO;)Lcom/Engine/RenderEngine/New_Pipeline/FBO/FBO;+4
j  com.Engine.RenderEngine.New_Pipeline.FBO.FBO.resolve()Lcom/Engine/RenderEngine/New_Pipeline/FBO/FBO;+2
j  com.Engine.Demo.TextRenderTesting.main([Ljava/lang/String;)V+647
v  ~StubRoutines::call_stub

---------------  P R O C E S S  ---------------

Java Threads: ( => current thread )
  0x000000006579c800 JavaThread "LWJGL Timer" daemon [_thread_blocked, id=992, stack(0x00000000671d0000,0x00000000672d0000)]
  0x0000000060b92000 JavaThread "Java2D Disposer" daemon [_thread_blocked, id=4408, stack(0x00000000645e0000,0x00000000646e0000)]
  0x000000001b55d000 JavaThread "Service Thread" daemon [_thread_blocked, id=2464, stack(0x000000001c080000,0x000000001c180000)]
  0x000000001b4c8800 JavaThread "C1 CompilerThread3" daemon [_thread_blocked, id=3792, stack(0x000000001bf80000,0x000000001c080000)]
  0x000000001b4c2000 JavaThread "C2 CompilerThread2" daemon [_thread_blocked, id=7668, stack(0x000000001be80000,0x000000001bf80000)]
  0x000000001b4bf800 JavaThread "C2 CompilerThread1" daemon [_thread_blocked, id=10016, stack(0x000000001bd80000,0x000000001be80000)]
  0x000000001b4b9800 JavaThread "C2 CompilerThread0" daemon [_thread_blocked, id=11076, stack(0x000000001bc80000,0x000000001bd80000)]
  0x000000001b4b8000 JavaThread "Attach Listener" daemon [_thread_blocked, id=6308, stack(0x000000001bb80000,0x000000001bc80000)]
  0x000000001b4b5000 JavaThread "Signal Dispatcher" daemon [_thread_blocked, id=7192, stack(0x000000001ba80000,0x000000001bb80000)]
  0x0000000004609000 JavaThread "Finalizer" daemon [_thread_blocked, id=3040, stack(0x000000001b890000,0x000000001b990000)]
  0x0000000004606000 JavaThread "Reference Handler" daemon [_thread_blocked, id=10908, stack(0x000000001b390000,0x000000001b490000)]
=>0x000000000450d800 JavaThread "main" [_thread_in_native, id=6028, stack(0x0000000004330000,0x0000000004430000)]

Other Threads:
  0x0000000019598800 VMThread [stack: 0x000000001b290000,0x000000001b390000] [id=8488]
  0x000000001b4e4800 WatcherThread [stack: 0x000000001c180000,0x000000001c280000] [id=4008]

VM state:not at safepoint (normal execution)

VM Mutex/Monitor currently owned by a thread: None

Heap:
 PSYoungGen      total 135168K, used 84512K [0x00000000d5e00000, 0x00000000e6600000, 0x0000000100000000)
  eden space 133120K, 62% used [0x00000000d5e00000,0x00000000daf182a0,0x00000000de000000)
  from space 2048K, 71% used [0x00000000de000000,0x00000000de170010,0x00000000de200000)
  to   space 2048K, 0% used [0x00000000e6400000,0x00000000e6400000,0x00000000e6600000)
 ParOldGen       total 87552K, used 25197K [0x0000000081a00000, 0x0000000086f80000, 0x00000000d5e00000)
  object space 87552K, 28% used [0x0000000081a00000,0x000000008329b5f8,0x0000000086f80000)
 Metaspace       used 8683K, capacity 8825K, committed 8960K, reserved 1056768K
  class space    used 885K, capacity 955K, committed 1024K, reserved 1048576K

Card table byte_map: [0x00000000139d0000,0x0000000013dd0000] byte_map_base: 0x00000000135c3000

Marking Bits: (ParMarkBitMap*) 0x0000000061dd6600
 Begin Bits: [0x0000000014880000, 0x0000000016818000)
 End Bits:   [0x0000000016818000, 0x00000000187b0000)

Polling page: 0x0000000002c00000

CodeCache: size=245760Kb used=3513Kb max_used=3513Kb free=242246Kb
 bounds [0x0000000004610000, 0x0000000004990000, 0x0000000013610000]
 total_blobs=1470 nmethods=997 adapters=386
 compilation: enabled

Compilation events (10 events):
Event: 8.495 Thread 0x000000001b4c8800  993       1       com.Engine.RenderEngine.Util.RenderStructs$Transform::getTranslation (5 bytes)
Event: 8.495 Thread 0x000000001b4c8800 nmethod 993 0x000000000497f850 code [0x000000000497f9a0, 0x000000000497fab0]
Event: 8.495 Thread 0x000000001b4c8800  994       1       com.Engine.RenderEngine.Util.RenderStructs$Transform::getScale (5 bytes)
Event: 8.495 Thread 0x000000001b4c8800 nmethod 994 0x000000000497fb10 code [0x000000000497fc60, 0x000000000497fd70]
Event: 8.501 Thread 0x000000001b4c8800  995       3       com.Engine.Util.Time::getSystemTime (4 bytes)
Event: 8.501 Thread 0x000000001b4c8800 nmethod 995 0x000000000497fdd0 code [0x000000000497ff20, 0x0000000004980070]
Event: 8.501 Thread 0x000000001b4c8800  996       3       com.Engine.RenderEngine.Window.Window::wasResized (4 bytes)
Event: 8.501 Thread 0x000000001b4c8800 nmethod 996 0x00000000049800d0 code [0x0000000004980240, 0x0000000004980410]
Event: 8.509 Thread 0x000000001b4c8800  997       3       com.Engine.RenderEngine.Window.Window::getFrameTime (5 bytes)
Event: 8.509 Thread 0x000000001b4c8800 nmethod 997 0x00000000049804d0 code [0x0000000004980620, 0x0000000004980770]

GC Heap History (10 events):
Event: 3.814 GC heap before
{Heap before GC invocations=3 (full 0):
 PSYoungGen      total 38400K, used 34672K [0x00000000d5e00000, 0x00000000da900000, 0x0000000100000000)
  eden space 33280K, 100% used [0x00000000d5e00000,0x00000000d7e80000,0x00000000d7e80000)
  from space 5120K, 27% used [0x00000000d8380000,0x00000000d84dc010,0x00000000d8880000)
  to   space 5120K, 0% used [0x00000000d7e80000,0x00000000d7e80000,0x00000000d8380000)
 ParOldGen       total 87552K, used 18789K [0x0000000081a00000, 0x0000000086f80000, 0x00000000d5e00000)
  object space 87552K, 21% used [0x0000000081a00000,0x0000000082c59410,0x0000000086f80000)
 Metaspace       used 7917K, capacity 8051K, committed 8064K, reserved 1056768K
  class space    used 822K, capacity 890K, committed 896K, reserved 1048576K
Event: 3.815 GC heap after
Heap after GC invocations=3 (full 0):
 PSYoungGen      total 38400K, used 1296K [0x00000000d5e00000, 0x00000000da900000, 0x0000000100000000)
  eden space 33280K, 0% used [0x00000000d5e00000,0x00000000d5e00000,0x00000000d7e80000)
  from space 5120K, 25% used [0x00000000d7e80000,0x00000000d7fc4010,0x00000000d8380000)
  to   space 5120K, 0% used [0x00000000da400000,0x00000000da400000,0x00000000da900000)
 ParOldGen       total 87552K, used 18797K [0x0000000081a00000, 0x0000000086f80000, 0x00000000d5e00000)
  object space 87552K, 21% used [0x0000000081a00000,0x0000000082c5b410,0x0000000086f80000)
 Metaspace       used 7917K, capacity 8051K, committed 8064K, reserved 1056768K
  class space    used 822K, capacity 890K, committed 896K, reserved 1048576K
}
Event: 3.847 GC heap before
{Heap before GC invocations=4 (full 0):
 PSYoungGen      total 38400K, used 34576K [0x00000000d5e00000, 0x00000000da900000, 0x0000000100000000)
  eden space 33280K, 100% used [0x00000000d5e00000,0x00000000d7e80000,0x00000000d7e80000)
  from space 5120K, 25% used [0x00000000d7e80000,0x00000000d7fc4010,0x00000000d8380000)
  to   space 5120K, 0% used [0x00000000da400000,0x00000000da400000,0x00000000da900000)
 ParOldGen       total 87552K, used 18797K [0x0000000081a00000, 0x0000000086f80000, 0x00000000d5e00000)
  object space 87552K, 21% used [0x0000000081a00000,0x0000000082c5b410,0x0000000086f80000)
 Metaspace       used 7917K, capacity 8051K, committed 8064K, reserved 1056768K
  class space    used 822K, capacity 890K, committed 896K, reserved 1048576K
Event: 3.849 GC heap after
Heap after GC invocations=4 (full 0):
 PSYoungGen      total 71680K, used 1344K [0x00000000d5e00000, 0x00000000da900000, 0x0000000100000000)
  eden space 66560K, 0% used [0x00000000d5e00000,0x00000000d5e00000,0x00000000d9f00000)
  from space 5120K, 26% used [0x00000000da400000,0x00000000da550000,0x00000000da900000)
  to   space 5120K, 0% used [0x00000000d9f00000,0x00000000d9f00000,0x00000000da400000)
 ParOldGen       total 87552K, used 18805K [0x0000000081a00000, 0x0000000086f80000, 0x00000000d5e00000)
  object space 87552K, 21% used [0x0000000081a00000,0x0000000082c5d410,0x0000000086f80000)
 Metaspace       used 7917K, capacity 8051K, committed 8064K, reserved 1056768K
  class space    used 822K, capacity 890K, committed 896K, reserved 1048576K
}
Event: 3.927 GC heap before
{Heap before GC invocations=5 (full 0):
 PSYoungGen      total 71680K, used 67904K [0x00000000d5e00000, 0x00000000da900000, 0x0000000100000000)
  eden space 66560K, 100% used [0x00000000d5e00000,0x00000000d9f00000,0x00000000d9f00000)
  from space 5120K, 26% used [0x00000000da400000,0x00000000da550000,0x00000000da900000)
  to   space 5120K, 0% used [0x00000000d9f00000,0x00000000d9f00000,0x00000000da400000)
 ParOldGen       total 87552K, used 18805K [0x0000000081a00000, 0x0000000086f80000, 0x00000000d5e00000)
  object space 87552K, 21% used [0x0000000081a00000,0x0000000082c5d410,0x0000000086f80000)
 Metaspace       used 7917K, capacity 8051K, committed 8064K, reserved 1056768K
  class space    used 822K, capacity 890K, committed 896K, reserved 1048576K
Event: 3.929 GC heap after
Heap after GC invocations=5 (full 0):
 PSYoungGen      total 71680K, used 1312K [0x00000000d5e00000, 0x00000000de400000, 0x0000000100000000)
  eden space 66560K, 0% used [0x00000000d5e00000,0x00000000d5e00000,0x00000000d9f00000)
  from space 5120K, 25% used [0x00000000d9f00000,0x00000000da048000,0x00000000da400000)
  to   space 2048K, 0% used [0x00000000de200000,0x00000000de200000,0x00000000de400000)
 ParOldGen       total 87552K, used 18813K [0x0000000081a00000, 0x0000000086f80000, 0x00000000d5e00000)
  object space 87552K, 21% used [0x0000000081a00000,0x0000000082c5f410,0x0000000086f80000)
 Metaspace       used 7917K, capacity 8051K, committed 8064K, reserved 1056768K
  class space    used 822K, capacity 890K, committed 896K, reserved 1048576K
}
Event: 3.997 GC heap before
{Heap before GC invocations=6 (full 0):
 PSYoungGen      total 71680K, used 67872K [0x00000000d5e00000, 0x00000000de400000, 0x0000000100000000)
  eden space 66560K, 100% used [0x00000000d5e00000,0x00000000d9f00000,0x00000000d9f00000)
  from space 5120K, 25% used [0x00000000d9f00000,0x00000000da048000,0x00000000da400000)
  to   space 2048K, 0% used [0x00000000de200000,0x00000000de200000,0x00000000de400000)
 ParOldGen       total 87552K, used 18813K [0x0000000081a00000, 0x0000000086f80000, 0x00000000d5e00000)
  object space 87552K, 21% used [0x0000000081a00000,0x0000000082c5f410,0x0000000086f80000)
 Metaspace       used 7917K, capacity 8051K, committed 8064K, reserved 1056768K
  class space    used 822K, capacity 890K, committed 896K, reserved 1048576K
Event: 3.999 GC heap after
Heap after GC invocations=6 (full 0):
 PSYoungGen      total 135168K, used 1296K [0x00000000d5e00000, 0x00000000de400000, 0x0000000100000000)
  eden space 133120K, 0% used [0x00000000d5e00000,0x00000000d5e00000,0x00000000de000000)
  from space 2048K, 63% used [0x00000000de200000,0x00000000de344010,0x00000000de400000)
  to   space 2048K, 0% used [0x00000000de000000,0x00000000de000000,0x00000000de200000)
 ParOldGen       total 87552K, used 18813K [0x0000000081a00000, 0x0000000086f80000, 0x00000000d5e00000)
  object space 87552K, 21% used [0x0000000081a00000,0x0000000082c5f410,0x0000000086f80000)
 Metaspace       used 7917K, capacity 8051K, committed 8064K, reserved 1056768K
  class space    used 822K, capacity 890K, committed 896K, reserved 1048576K
}
Event: 6.073 GC heap before
{Heap before GC invocations=7 (full 0):
 PSYoungGen      total 135168K, used 134416K [0x00000000d5e00000, 0x00000000de400000, 0x0000000100000000)
  eden space 133120K, 100% used [0x00000000d5e00000,0x00000000de000000,0x00000000de000000)
  from space 2048K, 63% used [0x00000000de200000,0x00000000de344010,0x00000000de400000)
  to   space 2048K, 0% used [0x00000000de000000,0x00000000de000000,0x00000000de200000)
 ParOldGen       total 87552K, used 18813K [0x0000000081a00000, 0x0000000086f80000, 0x00000000d5e00000)
  object space 87552K, 21% used [0x0000000081a00000,0x0000000082c5f410,0x0000000086f80000)
 Metaspace       used 8432K, capacity 8601K, committed 8704K, reserved 1056768K
  class space    used 863K, capacity 923K, committed 1024K, reserved 1048576K
Event: 6.077 GC heap after
Heap after GC invocations=7 (full 0):
 PSYoungGen      total 135168K, used 1472K [0x00000000d5e00000, 0x00000000e6600000, 0x0000000100000000)
  eden space 133120K, 0% used [0x00000000d5e00000,0x00000000d5e00000,0x00000000de000000)
  from space 2048K, 71% used [0x00000000de000000,0x00000000de170010,0x00000000de200000)
  to   space 2048K, 0% used [0x00000000e6400000,0x00000000e6400000,0x00000000e6600000)
 ParOldGen       total 87552K, used 25197K [0x0000000081a00000, 0x0000000086f80000, 0x00000000d5e00000)
  object space 87552K, 28% used [0x0000000081a00000,0x000000008329b5f8,0x0000000086f80000)
 Metaspace       used 8432K, capacity 8601K, committed 8704K, reserved 1056768K
  class space    used 863K, capacity 923K, committed 1024K, reserved 1048576K
}

Deoptimization events (10 events):
Event: 4.123 Thread 0x000000000450d800 Uncommon trap: reason=unloaded action=reinterpret pc=0x000000000485fa8c method=com.Engine.RenderEngine.Textures.Texture2D.<init>(Ljava/awt/image/BufferedImage;)V @ 84
Event: 5.828 Thread 0x000000000450d800 Uncommon trap: reason=unstable_if action=reinterpret pc=0x000000000487ab60 method=java.util.regex.Pattern$Slice.match(Ljava/util/regex/Matcher;ILjava/lang/CharSequence;)Z @ 54
Event: 5.831 Thread 0x000000000450d800 Uncommon trap: reason=class_check action=maybe_recompile pc=0x000000000487e774 method=java.util.regex.Pattern$BmpCharProperty.match(Ljava/util/regex/Matcher;ILjava/lang/CharSequence;)Z @ 31
Event: 5.831 Thread 0x000000000450d800 Uncommon trap: reason=unstable_if action=reinterpret pc=0x000000000487e688 method=java.util.regex.Pattern$BmpCharProperty.match(Ljava/util/regex/Matcher;ILjava/lang/CharSequence;)Z @ 34
Event: 5.880 Thread 0x000000000450d800 Uncommon trap: reason=unstable_if action=reinterpret pc=0x000000000482d6f8 method=sun.awt.image.ByteInterleavedRaster.putByteData(IIII[B)V @ 395
Event: 6.040 Thread 0x000000000450d800 Uncommon trap: reason=unstable_if action=reinterpret pc=0x00000000048513ec method=java.awt.image.ComponentColorModel.getRGB(Ljava/lang/Object;)I @ 4
Event: 6.040 Thread 0x000000000450d800 Uncommon trap: reason=unstable_if action=reinterpret pc=0x00000000048548e0 method=java.awt.image.ComponentColorModel.getAlpha(Ljava/lang/Object;)I @ 4
Event: 6.040 Thread 0x000000000450d800 Uncommon trap: reason=unstable_if action=reinterpret pc=0x000000000484f3c4 method=java.awt.image.ComponentColorModel.extractComponent(Ljava/lang/Object;II)I @ 4
Event: 6.040 Thread 0x000000000450d800 Uncommon trap: reason=unstable_if action=reinterpret pc=0x000000000484ff64 method=java.awt.image.ComponentColorModel.getAlpha(Ljava/lang/Object;)I @ 4
Event: 6.189 Thread 0x000000000450d800 Uncommon trap: reason=unstable_if action=reinterpret pc=0x0000000004919600 method=com.Engine.RenderEngine.Font.Render.FontTexture.<init>([Ljava/awt/image/BufferedImage;)V @ 133

Internal exceptions (10 events):
Event: 0.031 Thread 0x000000000450d800 Exception <a 'java/lang/NoSuchMethodError': Method sun.misc.Unsafe.prefetchRead(Ljava/lang/Object;J)V name or signature does not match> (0x00000000d5e07f60) thrown at [C:\re\workspace\8-2-build-windows-amd64-cygwin\jdk8u122\8092.nc\hotspot\src\share\vm\pr
Event: 2.116 Thread 0x000000000450d800 Exception <a 'java/security/PrivilegedActionException'> (0x00000000d62f4b00) thrown at [C:\re\workspace\8-2-build-windows-amd64-cygwin\jdk8u122\8092.nc\hotspot\src\share\vm\prims\jvm.cpp, line 1390]
Event: 2.116 Thread 0x000000000450d800 Exception <a 'java/security/PrivilegedActionException'> (0x00000000d62f4d10) thrown at [C:\re\workspace\8-2-build-windows-amd64-cygwin\jdk8u122\8092.nc\hotspot\src\share\vm\prims\jvm.cpp, line 1390]
Event: 2.117 Thread 0x000000000450d800 Exception <a 'java/security/PrivilegedActionException'> (0x00000000d62f81c8) thrown at [C:\re\workspace\8-2-build-windows-amd64-cygwin\jdk8u122\8092.nc\hotspot\src\share\vm\prims\jvm.cpp, line 1390]
Event: 2.117 Thread 0x000000000450d800 Exception <a 'java/security/PrivilegedActionException'> (0x00000000d62f83d8) thrown at [C:\re\workspace\8-2-build-windows-amd64-cygwin\jdk8u122\8092.nc\hotspot\src\share\vm\prims\jvm.cpp, line 1390]
Event: 2.117 Thread 0x000000000450d800 Exception <a 'java/security/PrivilegedActionException'> (0x00000000d62f96b0) thrown at [C:\re\workspace\8-2-build-windows-amd64-cygwin\jdk8u122\8092.nc\hotspot\src\share\vm\prims\jvm.cpp, line 1390]
Event: 2.117 Thread 0x000000000450d800 Exception <a 'java/security/PrivilegedActionException'> (0x00000000d62f98c0) thrown at [C:\re\workspace\8-2-build-windows-amd64-cygwin\jdk8u122\8092.nc\hotspot\src\share\vm\prims\jvm.cpp, line 1390]
Event: 3.300 Thread 0x000000000450d800 Exception <a 'java/io/FileNotFoundException'> (0x00000000d63854f0) thrown at [C:\re\workspace\8-2-build-windows-amd64-cygwin\jdk8u122\8092.nc\hotspot\src\share\vm\prims\jni.cpp, line 709]
Event: 3.339 Thread 0x000000000450d800 Exception <a 'java/lang/NoSuchFieldError': method resolution failed> (0x00000000d6452160) thrown at [C:\re\workspace\8-2-build-windows-amd64-cygwin\jdk8u122\8092.nc\hotspot\src\share\vm\prims\methodHandles.cpp, line 1146]
Event: 3.342 Thread 0x000000000450d800 Exception <a 'java/lang/NoSuchFieldError': method resolution failed> (0x00000000d645f880) thrown at [C:\re\workspace\8-2-build-windows-amd64-cygwin\jdk8u122\8092.nc\hotspot\src\share\vm\prims\methodHandles.cpp, line 1146]

Events (10 events):
Event: 7.383 loading class java/text/SimpleDateFormat
Event: 7.384 loading class java/text/SimpleDateFormat done
Event: 7.886 loading class org/lwjgl/opengl/WindowsKeycodes
Event: 7.886 loading class org/lwjgl/opengl/WindowsKeycodes done
Event: 7.889 loading class org/lwjgl/input/Cursor
Event: 7.889 loading class org/lwjgl/input/Cursor done
Event: 8.057 Thread 0x000000000450d800 DEOPT PACKING pc=0x000000000494c36f sp=0x000000000442ee60
Event: 8.058 Thread 0x000000000450d800 DEOPT UNPACKING pc=0x000000000465787f sp=0x000000000442ec70 mode 0
Event: 8.075 Thread 0x000000000450d800 DEOPT PACKING pc=0x000000000494c36f sp=0x000000000442ee60
Event: 8.075 Thread 0x000000000450d800 DEOPT UNPACKING pc=0x000000000465787f sp=0x000000000442ec70 mode 0


Dynamic libraries:
0x00007ff6571b0000 - 0x00007ff6571e7000 	C:\Program Files\Java\jdk1.8.0_122\bin\javaw.exe
0x00007ffa94a80000 - 0x00007ffa94c60000 	C:\WINDOWS\SYSTEM32\ntdll.dll
0x00007ffa926d0000 - 0x00007ffa9277e000 	C:\WINDOWS\System32\KERNEL32.DLL
0x00007ffa91a90000 - 0x00007ffa91cf6000 	C:\WINDOWS\System32\KERNELBASE.dll
0x00007ffa93130000 - 0x00007ffa931d1000 	C:\WINDOWS\System32\ADVAPI32.dll
0x00007ffa933e0000 - 0x00007ffa9347d000 	C:\WINDOWS\System32\msvcrt.dll
0x00007ffa92030000 - 0x00007ffa9208b000 	C:\WINDOWS\System32\sechost.dll
0x00007ffa927e0000 - 0x00007ffa928ff000 	C:\WINDOWS\System32\RPCRT4.dll
0x00007ffa92900000 - 0x00007ffa92a8f000 	C:\WINDOWS\System32\USER32.dll
0x00007ffa91620000 - 0x00007ffa91640000 	C:\WINDOWS\System32\win32u.dll
0x00007ffa92210000 - 0x00007ffa92238000 	C:\WINDOWS\System32\GDI32.dll
0x00007ffa916f0000 - 0x00007ffa91883000 	C:\WINDOWS\System32\gdi32full.dll
0x00007ffa91990000 - 0x00007ffa91a2b000 	C:\WINDOWS\System32\msvcp_win.dll
0x00007ffa91890000 - 0x00007ffa91986000 	C:\WINDOWS\System32\ucrtbase.dll
0x00007ffa849e0000 - 0x00007ffa84c49000 	C:\WINDOWS\WinSxS\amd64_microsoft.windows.common-controls_6595b64144ccf1df_6.0.16299.125_none_15cbcf8893620c09\COMCTL32.dll
0x00007ffa92310000 - 0x00007ffa92618000 	C:\WINDOWS\System32\combase.dll
0x00007ffa91d00000 - 0x00007ffa91d72000 	C:\WINDOWS\System32\bcryptPrimitives.dll
0x00007ffa931e0000 - 0x00007ffa9320d000 	C:\WINDOWS\System32\IMM32.DLL
0x00007ffa62380000 - 0x00007ffa623fd000 	c:\program files (x86)\charter security suite\apps\ultralight\ulcore\1511165593\fshook64.dll
0x0000000061e60000 - 0x0000000061f32000 	C:\Program Files\Java\jdk1.8.0_122\jre\bin\msvcr100.dll
0x00000000615c0000 - 0x0000000061e56000 	C:\Program Files\Java\jdk1.8.0_122\jre\bin\server\jvm.dll
0x00007ffa93480000 - 0x00007ffa93488000 	C:\WINDOWS\System32\PSAPI.DLL
0x00007ffa89ca0000 - 0x00007ffa89cc3000 	C:\WINDOWS\SYSTEM32\WINMM.dll
0x00007ffa865e0000 - 0x00007ffa865ea000 	C:\WINDOWS\SYSTEM32\VERSION.dll
0x00007ffa8e330000 - 0x00007ffa8e339000 	C:\WINDOWS\SYSTEM32\WSOCK32.dll
0x00007ffa93490000 - 0x00007ffa934fc000 	C:\WINDOWS\System32\WS2_32.dll
0x00007ffa89c40000 - 0x00007ffa89c6a000 	C:\WINDOWS\SYSTEM32\WINMMBASE.dll
0x00007ffa90e80000 - 0x00007ffa90eca000 	C:\WINDOWS\System32\cfgmgr32.dll
0x00000000615b0000 - 0x00000000615bf000 	C:\Program Files\Java\jdk1.8.0_122\jre\bin\verify.dll
0x0000000061580000 - 0x00000000615a9000 	C:\Program Files\Java\jdk1.8.0_122\jre\bin\java.dll
0x0000000061560000 - 0x0000000061576000 	C:\Program Files\Java\jdk1.8.0_122\jre\bin\zip.dll
0x00007ffa93500000 - 0x00007ffa94936000 	C:\WINDOWS\System32\SHELL32.dll
0x00007ffa92620000 - 0x00007ffa926c6000 	C:\WINDOWS\System32\shcore.dll
0x00007ffa90ed0000 - 0x00007ffa91617000 	C:\WINDOWS\System32\windows.storage.dll
0x00007ffa92780000 - 0x00007ffa927d1000 	C:\WINDOWS\System32\shlwapi.dll
0x00007ffa90e60000 - 0x00007ffa90e71000 	C:\WINDOWS\System32\kernel.appcore.dll
0x00007ffa90df0000 - 0x00007ffa90e3c000 	C:\WINDOWS\System32\powrprof.dll
0x00007ffa90e40000 - 0x00007ffa90e5b000 	C:\WINDOWS\System32\profapi.dll
0x0000000180000000 - 0x0000000180051000 	C:\Users\Joshua\git\AoT\Engine\lib\lwjgl-2.9.1\native\windows\lwjgl64.dll
0x00007ffa7be70000 - 0x00007ffa7bf8e000 	C:\WINDOWS\SYSTEM32\OPENGL32.dll
0x00007ffa87620000 - 0x00007ffa8764c000 	C:\WINDOWS\SYSTEM32\GLU32.dll
0x00007ffa8f590000 - 0x00007ffa8f625000 	C:\WINDOWS\system32\uxtheme.dll
0x00007ffa92090000 - 0x00007ffa921f7000 	C:\WINDOWS\System32\MSCTF.dll
0x00007ffa92240000 - 0x00007ffa92305000 	C:\WINDOWS\System32\OLEAUT32.dll
0x00007ffa8f940000 - 0x00007ffa8f96a000 	C:\WINDOWS\system32\dwmapi.dll
0x00007ffa53cb0000 - 0x00007ffa547f7000 	C:\WINDOWS\SYSTEM32\ig75icd64.dll
0x00007ffa8cb00000 - 0x00007ffa8cb13000 	C:\WINDOWS\SYSTEM32\WTSAPI32.dll
0x00007ffa80240000 - 0x00007ffa80c7f000 	C:\WINDOWS\SYSTEM32\igdusc64.dll
0x00007ffa811f0000 - 0x00007ffa81288000 	C:\WINDOWS\System32\TextInputFramework.dll
0x00007ffa8d550000 - 0x00007ffa8d62d000 	C:\WINDOWS\System32\CoreMessaging.dll
0x00007ffa87da0000 - 0x00007ffa8808e000 	C:\WINDOWS\System32\CoreUIComponents.dll
0x00007ffa8fee0000 - 0x00007ffa8ff11000 	C:\WINDOWS\SYSTEM32\ntmarta.dll
0x00007ffa8ea20000 - 0x00007ffa8eb56000 	C:\WINDOWS\SYSTEM32\wintypes.dll
0x00007ffa8c780000 - 0x00007ffa8c817000 	C:\WINDOWS\SYSTEM32\mscms.dll
0x00007ffa90d00000 - 0x00007ffa90d29000 	C:\WINDOWS\SYSTEM32\USERENV.dll
0x00007ffa7b850000 - 0x00007ffa7b891000 	C:\WINDOWS\SYSTEM32\icm32.dll
0x00007ffa8fbf0000 - 0x00007ffa8fc9f000 	C:\WINDOWS\SYSTEM32\dxgi.dll
0x00007ffa8dc30000 - 0x00007ffa8df11000 	C:\WINDOWS\SYSTEM32\d3d11.dll
0x00007ffa836c0000 - 0x00007ffa8461d000 	C:\WINDOWS\SYSTEM32\igd10iumd64.dll
0x00007ffa90900000 - 0x00007ffa90926000 	C:\WINDOWS\SYSTEM32\ncrypt.dll
0x00007ffa90930000 - 0x00007ffa90955000 	C:\WINDOWS\SYSTEM32\bcrypt.dll
0x00007ffa908c0000 - 0x00007ffa908f6000 	C:\WINDOWS\SYSTEM32\NTASN1.dll
0x0000000064040000 - 0x00000000641d8000 	C:\Program Files\Java\jdk1.8.0_122\jre\bin\awt.dll
0x00007ffa8ee60000 - 0x00007ffa8eee8000 	C:\WINDOWS\SYSTEM32\apphelp.dll
0x00007ffa90820000 - 0x00007ffa90837000 	C:\WINDOWS\SYSTEM32\CRYPTSP.dll
0x00007ffa90270000 - 0x00007ffa902a3000 	C:\WINDOWS\system32\rsaenh.dll
0x00007ffa90840000 - 0x00007ffa9084b000 	C:\WINDOWS\SYSTEM32\CRYPTBASE.dll
0x000000001c3b0000 - 0x000000001c3ca000 	C:\Program Files\Java\jdk1.8.0_122\jre\bin\net.dll
0x00007ffa90660000 - 0x00007ffa906c6000 	C:\WINDOWS\system32\mswsock.dll
0x00007ffa903f0000 - 0x00007ffa90429000 	C:\WINDOWS\SYSTEM32\IPHLPAPI.DLL
0x00007ffa93210000 - 0x00007ffa93218000 	C:\WINDOWS\System32\NSI.dll
0x00007ffa8a990000 - 0x00007ffa8a9a6000 	C:\WINDOWS\SYSTEM32\dhcpcsvc6.DLL
0x00007ffa8aa40000 - 0x00007ffa8aa5a000 	C:\WINDOWS\SYSTEM32\dhcpcsvc.DLL
0x000000001c3d0000 - 0x000000001c3e1000 	C:\Program Files\Java\jdk1.8.0_122\jre\bin\nio.dll
0x000000001c3f0000 - 0x000000001c421000 	C:\Program Files\Java\jdk1.8.0_122\jre\bin\jpeg.dll
0x00007ffa86310000 - 0x00007ffa864d8000 	C:\WINDOWS\SYSTEM32\dbghelp.dll

VM Arguments:
jvm_args: -Djava.library.path=C:\Users\Joshua\git\AoT\Engine\lib\lwjgl-2.9.1\native\windows -Dfile.encoding=Cp1252 
java_command: com.Engine.Demo.TextRenderTesting
java_class_path (initial): C:\Program Files\Java\jdk1.8.0_122\jre\lib\resources.jar;C:\Program Files\Java\jdk1.8.0_122\jre\lib\rt.jar;C:\Program Files\Java\jdk1.8.0_122\jre\lib\jsse.jar;C:\Program Files\Java\jdk1.8.0_122\jre\lib\jce.jar;C:\Program Files\Java\jdk1.8.0_122\jre\lib\charsets.jar;C:\Program Files\Java\jdk1.8.0_122\jre\lib\ext\access-bridge-64.jar;C:\Program Files\Java\jdk1.8.0_122\jre\lib\ext\cldrdata.jar;C:\Program Files\Java\jdk1.8.0_122\jre\lib\ext\dnsns.jar;C:\Program Files\Java\jdk1.8.0_122\jre\lib\ext\jaccess.jar;C:\Program Files\Java\jdk1.8.0_122\jre\lib\ext\jfxrt.jar;C:\Program Files\Java\jdk1.8.0_122\jre\lib\ext\localedata.jar;C:\Program Files\Java\jdk1.8.0_122\jre\lib\ext\nashorn.jar;C:\Program Files\Java\jdk1.8.0_122\jre\lib\ext\sunec.jar;C:\Program Files\Java\jdk1.8.0_122\jre\lib\ext\sunjce_provider.jar;C:\Program Files\Java\jdk1.8.0_122\jre\lib\ext\sunmscapi.jar;C:\Program Files\Java\jdk1.8.0_122\jre\lib\ext\sunpkcs11.jar;C:\Program Files\Java\jdk1.8.0_122\jre\lib\ext\zipfs.jar;C:\Users\Joshua\git\Engine\Engine - 3.4\bin;C:\Users\Joshua\git\AoT\Engine\lib\lwjgl-2.9.1\jar\jinput.jar;C:\Users\Joshua\git\AoT\Engine\lib\lwjgl-2.9.1\jar\lwjgl_util.jar;C:\Users\Joshua\git\AoT\Engine\lib\lwjgl-2.9.1\jar\lwjgl.jar
Launcher Type: SUN_STANDARD

Environment Variables:
PATH=C:/Program Files/Java/jre1.8.0_71/bin/server;C:/Program Files/Java/jre1.8.0_71/bin;C:/Program Files/Java/jre1.8.0_71/lib/amd64;C:\ProgramData\Oracle\Java\javapath;C:\Program Files\ffmpeg-20170225-7e4f32f-win64-static\bin;C:\Program Files (x86)\NVIDIA Corporation\PhysX\Common;C:\Program Files\Java\jdk1.8.0_122\bin;C:\Program Files (x86)\Intel\iCLS Client\;C:\Program Files\Intel\iCLS Client\;C:\Windows\system32;C:\Windows;C:\Windows\System32\Wbem;C:\Windows\System32\WindowsPowerShell\v1.0\;C:\Program Files (x86)\Acer\abFiles\;C:\Program Files\Intel\Intel(R) Management Engine Components\DAL;C:\Program Files\Intel\Intel(R) Management Engine Components\IPT;C:\Program Files (x86)\Intel\Intel(R) Management Engine Components\DAL;C:\Program Files (x86)\Intel\Intel(R) Management Engine Components\IPT;C:\Program Files (x86)\mingw-w64\i686-5.2.0-posix-dwarf-rt_v4-rev0\mingw32\bin;C:\Program Files\MATLAB\MATLAB Production Server\R2015a\runtime\win64;C:\Program Files\MATLAB\MATLAB Production Server\R2015a\bin;C:\Program Files\MATLAB\MATLAB Production Server\R2015a\polyspace\bin;C:\WINDOWS\system32;C:\WINDOWS;C:\WINDOWS\System32\Wbem;C:\WINDOWS\System32\WindowsPowerShell\v1.0\;C:;C:\Program Files (x86)\Skype\Phone\;C:\WINDOWS\system32;C:\WINDOWS;C:\WINDOWS\System32\Wbem;C:\WINDOWS\System32\WindowsPowerShell\v1.0\;C:\Program Files (x86)\Brackets\command;C:\Users\Joshua\AppData\Local\Microsoft\WindowsApps;;C:\Program Files\Eclipse Oxygon;
USERNAME=Joshua
OS=Windows_NT
PROCESSOR_IDENTIFIER=Intel64 Family 6 Model 60 Stepping 3, GenuineIntel



---------------  S Y S T E M  ---------------

OS: Windows 10.0 , 64 bit Build 16299 (10.0.16299.15)

CPU:total 8 (4 cores per cpu, 2 threads per core) family 6 model 60 stepping 3, cmov, cx8, fxsr, mmx, sse, sse2, sse3, ssse3, sse4.1, sse4.2, popcnt, avx, avx2, aes, clmul, erms, lzcnt, ht, tsc, tscinvbit, bmi1, bmi2

Memory: 4k page, physical 8277272k(2975052k free), swap 9587992k(2442940k free)

vm_info: Java HotSpot(TM) 64-Bit Server VM (25.122-b04) for windows-amd64 JRE (1.8.0_122-ea-b04), built on Oct 25 2016 05:10:58 by "java_re" with MS VC++ 10.0 (VS2010)

time: Thu Dec 21 14:55:16 2017
elapsed time: 8 seconds (0d 0h 0m 8s)

